#
# There is insufficient memory for the Java Runtime Environment to continue.
# Native memory allocation (malloc) failed to allocate 1048576 bytes for AllocateHeap
# Possible reasons:
#   The system is out of physical RAM or swap space
#   The process is running with CompressedOops enabled, and the Java Heap may be blocking the growth of the native heap
# Possible solutions:
#   Reduce memory load on the system
#   Increase physical memory or swap space
#   Check if swap backing store is full
#   Decrease Java heap size (-Xmx/-Xms)
#   Decrease number of Java threads
#   Decrease Java thread stack sizes (-Xss)
#   Set larger code cache with -XX:ReservedCodeCacheSize=
#   JVM is running with Unscaled Compressed Oops mode in which the Java heap is
#     placed in the first 4GB address space. The Java Heap base address is the
#     maximum limit for the native heap growth. Please use -XX:HeapBaseMinAddress
#     to set the Java Heap base and to place the Java Heap above 4GB virtual address.
# This output file may be truncated or incomplete.
#
#  Out of Memory Error (memory/allocation.inline.hpp:61), pid=6592, tid=0x00000000000022ec
#
# JRE version:  (8.0_202-b08) (build )
# Java VM: Java HotSpot(TM) 64-Bit Server VM (25.202-b08 mixed mode windows-amd64 compressed oops)
# Failed to write core dump. Minidumps are not enabled by default on client versions of Windows
#

---------------  T H R E A D  ---------------

Current thread (0x0000000002a2e000):  JavaThread "Unknown thread" [_thread_in_vm, id=8940, stack(0x00000000023c0000,0x00000000024c0000)]

Stack: [0x00000000023c0000,0x00000000024c0000]
[error occurred during error reporting (printing stack bounds), id 0xc0000005]

Native frames: (J=compiled Java code, j=interpreted, Vv=VM code, C=native code)


---------------  P R O C E S S  ---------------

Java Threads: ( => current thread )

Other Threads:

=>0x0000000002a2e000 (exited) JavaThread "Unknown thread" [_thread_in_vm, id=8940, stack(0x00000000023c0000,0x00000000024c0000)]

VM state:not at safepoint (normal execution)

VM Mutex/Monitor currently owned by a thread: None

heap address: 0x00000000c1400000, size: 1004 MB, Compressed Oops mode: 32-bit
Narrow klass base: 0x0000000000000000, Narrow klass shift: 3
Compressed class space size: 1073741824 Address: 0x0000000100000000

Heap:
 PSYoungGen      total 18944K, used 327K [0x00000000eb180000, 0x00000000ec680000, 0x0000000100000000)
  eden space 16384K, 2% used [0x00000000eb180000,0x00000000eb1d1ec8,0x00000000ec180000)
  from space 2560K, 0% used [0x00000000ec400000,0x00000000ec400000,0x00000000ec680000)
  to   space 2560K, 0% used [0x00000000ec180000,0x00000000ec180000,0x00000000ec400000)
 ParOldGen       total 44032K, used 0K [0x00000000c1400000, 0x00000000c3f00000, 0x00000000eb180000)
  object space 44032K, 0% used [0x00000000c1400000,0x00000000c1400000,0x00000000c3f00000)
 Metaspace       used 751K, capacity 4480K, committed 4480K, reserved 1056768K
  class space    used 76K, capacity 384K, committed 384K, reserved 1048576K

Card table byte_map: [0x0000000011df0000,0x0000000011ff0000] byte_map_base: 0x00000000117e6000

Marking Bits: (ParMarkBitMap*) 0x000000005e4a5ce0
 Begin Bits: [0x0000000012540000, 0x00000000134f0000)
 End Bits:   [0x00000000134f0000, 0x00000000144a0000)

Polling page: 0x0000000000b40000

CodeCache: size=245760Kb used=328Kb max_used=328Kb free=245431Kb
 bounds [0x0000000002a30000, 0x0000000002ca0000, 0x0000000011a30000]
 total_blobs=58 nmethods=0 adapters=38
 compilation: enabled

Compilation events (0 events):
No events

GC Heap History (0 events):
No events

Deoptimization events (0 events):
No events

Classes redefined (0 events):
No events

Internal exceptions (0 events):
No events

Events (10 events):
Event: 0.078 loading class java/lang/Short
Event: 0.078 loading class java/lang/Short done
Event: 0.078 loading class java/lang/Integer
Event: 0.078 loading class java/lang/Integer done
Event: 0.078 loading class java/lang/Long
Event: 0.078 loading class java/lang/Long done
Event: 0.079 loading class java/lang/NullPointerException
Event: 0.079 loading class java/lang/NullPointerException done
Event: 0.079 loading class java/lang/ArithmeticException
Event: 0.079 loading class java/lang/ArithmeticException done


Dynamic libraries:
0x00007ff706580000 - 0x00007ff7065b7000 	C:\Program Files\JavaFile\bin\javaw.exe
0x00007ffeb58b0000 - 0x00007ffeb5aa4000 	C:\WINDOWS\SYSTEM32\ntdll.dll
0x00007ffeb3dc0000 - 0x00007ffeb3e7d000 	C:\WINDOWS\System32\KERNEL32.DLL
0x00007ffeb3250000 - 0x00007ffeb3517000 	C:\WINDOWS\System32\KERNELBASE.dll
0x00007ffeb4a90000 - 0x00007ffeb4b3a000 	C:\WINDOWS\System32\ADVAPI32.dll
0x00007ffeb4cd0000 - 0x00007ffeb4d6e000 	C:\WINDOWS\System32\msvcrt.dll
0x00007ffeb3a40000 - 0x00007ffeb3adb000 	C:\WINDOWS\System32\sechost.dll
0x00007ffeb4b40000 - 0x00007ffeb4c63000 	C:\WINDOWS\System32\RPCRT4.dll
0x00007ffeb3c00000 - 0x00007ffeb3da0000 	C:\WINDOWS\System32\USER32.dll
0x00007ffeb3520000 - 0x00007ffeb3542000 	C:\WINDOWS\System32\win32u.dll
0x00007ffeb3bd0000 - 0x00007ffeb3bfa000 	C:\WINDOWS\System32\GDI32.dll
0x00007ffeb3810000 - 0x00007ffeb391a000 	C:\WINDOWS\System32\gdi32full.dll
0x00007ffeb31b0000 - 0x00007ffeb324d000 	C:\WINDOWS\System32\msvcp_win.dll
0x00007ffeb3000000 - 0x00007ffeb3100000 	C:\WINDOWS\System32\ucrtbase.dll
0x00007ffea5d90000 - 0x00007ffea602a000 	C:\WINDOWS\WinSxS\amd64_microsoft.windows.common-controls_6595b64144ccf1df_6.0.19041.1_none_b555e41d4684ddec\COMCTL32.dll
0x00007ffeb54e0000 - 0x00007ffeb5510000 	C:\WINDOWS\System32\IMM32.DLL
0x000000005ebd0000 - 0x000000005eca2000 	C:\Program Files\JavaFile\bin\msvcr100.dll
0x000000005dc80000 - 0x000000005e525000 	C:\Program Files\JavaFile\bin\server\jvm.dll
0x00007ffeb51e0000 - 0x00007ffeb51e8000 	C:\WINDOWS\System32\PSAPI.DLL
0x00007ffea0f00000 - 0x00007ffea0f09000 	C:\WINDOWS\SYSTEM32\WSOCK32.dll
0x00007ffeb3ae0000 - 0x00007ffeb3b4b000 	C:\WINDOWS\System32\WS2_32.dll
0x00007ffea6e80000 - 0x00007ffea6ea7000 	C:\WINDOWS\SYSTEM32\WINMM.dll
0x00007ffea7530000 - 0x00007ffea753a000 	C:\WINDOWS\SYSTEM32\VERSION.dll
0x00007ffeac740000 - 0x00007ffeac74f000 	C:\Program Files\JavaFile\bin\verify.dll
0x00007ffea0ed0000 - 0x00007ffea0ef9000 	C:\Program Files\JavaFile\bin\java.dll
0x00007ffe9c390000 - 0x00007ffe9c3a6000 	C:\Program Files\JavaFile\bin\zip.dll

VM Arguments:
jvm_args: -Dfile.encoding=MS949 
java_command: com.escapooh.game.timer.TimerClass
java_class_path (initial): C:\Program Files\JavaFile\lib\resources.jar;C:\Program Files\JavaFile\lib\rt.jar;C:\Program Files\JavaFile\lib\jsse.jar;C:\Program Files\JavaFile\lib\jce.jar;C:\Program Files\JavaFile\lib\charsets.jar;C:\Program Files\JavaFile\lib\jfr.jar;C:\Program Files\JavaFile\lib\ext\access-bridge-64.jar;C:\Program Files\JavaFile\lib\ext\cldrdata.jar;C:\Program Files\JavaFile\lib\ext\dnsns.jar;C:\Program Files\JavaFile\lib\ext\dns_sd.jar;C:\Program Files\JavaFile\lib\ext\jaccess.jar;C:\Program Files\JavaFile\lib\ext\jfxrt.jar;C:\Program Files\JavaFile\lib\ext\localedata.jar;C:\Program Files\JavaFile\lib\ext\nashorn.jar;C:\Program Files\JavaFile\lib\ext\sunec.jar;C:\Program Files\JavaFile\lib\ext\sunjce_provider.jar;C:\Program Files\JavaFile\lib\ext\sunmscapi.jar;C:\Program Files\JavaFile\lib\ext\sunpkcs11.jar;C:\Program Files\JavaFile\lib\ext\zipfs.jar;C:\Users\상아\git\Team4_EscaPooh_re\bin
Launcher Type: SUN_STANDARD

Environment Variables:
PATH=C:/Program Files/JavaFile/bin/server;C:/Program Files/JavaFile/bin;C:/Program Files/JavaFile/lib/amd64;C:\Program Files\JavaFile\bin;;%SystemRoot%\system32;%SystemRoot%;%SystemRoot%\System32\Wbem;%SYSTEMROOT%\System32\WindowsPowerShell\v1.0\;%SYSTEMROOT%\System32\OpenSSH\;C:\Users\상아\AppData\Local\Microsoft\WindowsApps;;C:\Program Files\eclipse-jee-oxygen-3a-win32-x86_64\eclipse;
USERNAME=상아
OS=Windows_NT
PROCESSOR_IDENTIFIER=Intel64 Family 6 Model 61 Stepping 4, GenuineIntel



---------------  S Y S T E M  ---------------

OS: Windows 10.0 , 64 bit Build 19041 (10.0.19041.292)

CPU:total 4 (initial active 4) (2 cores per cpu, 2 threads per core) family 6 model 61 stepping 4, cmov, cx8, fxsr, mmx, sse, sse2, sse3, ssse3, sse4.1, sse4.2, popcnt, avx, avx2, aes, clmul, erms, 3dnowpref, lzcnt, ht, tsc, tscinvbit, bmi1, bmi2, adx

Memory: 4k page, physical 4107684k(172180k free), swap 4107684k(5336k free)

vm_info: Java HotSpot(TM) 64-Bit Server VM (25.202-b08) for windows-amd64 JRE (1.8.0_202-b08), built on Dec 15 2018 19:54:30 by "java_re" with MS VC++ 10.0 (VS2010)

time: Thu Jun 25 09:44:52 2020
timezone: 대한민국 표준시
elapsed time: 0 seconds (0d 0h 0m 0s)

