#
# There is insufficient memory for the Java Runtime Environment to continue.
# Native memory allocation (malloc) failed to allocate 32744 bytes for ChunkPool::allocate
# Possible reasons:
#   The system is out of physical RAM or swap space
#   The process is running with CompressedOops enabled, and the Java Heap may be blocking the growth of the native heap
# Possible solutions:
#   Reduce memory load on the system
#   Increase physical memory or swap space
#   Check if swap backing store is full
#   Decrease Java heap size (-Xmx/-Xms)
#   Decrease number of Java threads
#   Decrease Java thread stack sizes (-Xss)
#   Set larger code cache with -XX:ReservedCodeCacheSize=
#   JVM is running with Unscaled Compressed Oops mode in which the Java heap is
#     placed in the first 4GB address space. The Java Heap base address is the
#     maximum limit for the native heap growth. Please use -XX:HeapBaseMinAddress
#     to set the Java Heap base and to place the Java Heap above 4GB virtual address.
# This output file may be truncated or incomplete.
#
#  Out of Memory Error (allocation.cpp:272), pid=1032, tid=0x0000000000001e20
#
# JRE version: Java(TM) SE Runtime Environment (8.0_202-b08) (build 1.8.0_202-b08)
# Java VM: Java HotSpot(TM) 64-Bit Server VM (25.202-b08 mixed mode windows-amd64 compressed oops)
# Failed to write core dump. Minidumps are not enabled by default on client versions of Windows
#

---------------  T H R E A D  ---------------

Current thread (0x0000000015717000):  JavaThread "C2 CompilerThread0" daemon [_thread_in_native, id=7712, stack(0x0000000017070000,0x0000000017170000)]

Stack: [0x0000000017070000,0x0000000017170000]
[error occurred during error reporting (printing stack bounds), id 0xc0000005]

Native frames: (J=compiled Java code, j=interpreted, Vv=VM code, C=native code)


Current CompileTask:
C2:  45692 1406   !   4       sun.java2d.SunGraphics2D::drawImage (145 bytes)


---------------  P R O C E S S  ---------------

Java Threads: ( => current thread )
  0x0000000018c93800 JavaThread "Thread-3" [_thread_blocked, id=9000, stack(0x000000001b280000,0x000000001b380000)]
  0x0000000018585800 JavaThread "TimerQueue" daemon [_thread_blocked, id=8928, stack(0x000000001aa80000,0x000000001ab80000)]
  0x0000000018a32800 JavaThread "Thread-2" [_thread_blocked, id=6408, stack(0x000000001a980000,0x000000001aa80000)]
  0x0000000002eee000 JavaThread "DestroyJavaVM" [_thread_blocked, id=4408, stack(0x0000000002ef0000,0x0000000002ff0000)]
  0x0000000018c40800 JavaThread "AWT-EventQueue-0" [_thread_blocked, id=7156, stack(0x0000000019c10000,0x0000000019d10000)]
  0x0000000016e12800 JavaThread "AWT-Windows" daemon [_thread_in_native, id=3468, stack(0x0000000017950000,0x0000000017a50000)]
  0x0000000016e0f800 JavaThread "AWT-Shutdown" [_thread_blocked, id=5224, stack(0x0000000017850000,0x0000000017950000)]
  0x0000000016e0e000 JavaThread "Java2D Disposer" daemon [_thread_blocked, id=6300, stack(0x0000000017650000,0x0000000017750000)]
  0x0000000016ad4000 JavaThread "Service Thread" daemon [_thread_blocked, id=8248, stack(0x0000000017370000,0x0000000017470000)]
  0x000000001575d800 JavaThread "C1 CompilerThread2" daemon [_thread_blocked, id=1436, stack(0x0000000017270000,0x0000000017370000)]
  0x000000001575d000 JavaThread "C2 CompilerThread1" daemon [_thread_blocked, id=9048, stack(0x0000000017170000,0x0000000017270000)]
=>0x0000000015717000 JavaThread "C2 CompilerThread0" daemon [_thread_in_native, id=7712, stack(0x0000000017070000,0x0000000017170000)]
  0x0000000016ab2800 JavaThread "Attach Listener" daemon [_thread_blocked, id=8728, stack(0x0000000016f70000,0x0000000017070000)]
  0x00000000156f7800 JavaThread "Signal Dispatcher" daemon [_thread_blocked, id=8448, stack(0x0000000016e70000,0x0000000016f70000)]
  0x00000000156ea800 JavaThread "Finalizer" daemon [_thread_blocked, id=7740, stack(0x0000000016970000,0x0000000016a70000)]
  0x00000000030e1000 JavaThread "Reference Handler" daemon [_thread_blocked, id=8860, stack(0x0000000016870000,0x0000000016970000)]

Other Threads:
  0x00000000156c7000 VMThread [stack: 0x0000000016770000,0x0000000016870000] [id=8604]
  0x0000000016aee000 WatcherThread [stack: 0x0000000017470000,0x0000000017570000] [id=888]

VM state:not at safepoint (normal execution)

VM Mutex/Monitor currently owned by a thread: None

heap address: 0x00000000c1400000, size: 1004 MB, Compressed Oops mode: 32-bit
Narrow klass base: 0x0000000000000000, Narrow klass shift: 3
Compressed class space size: 1073741824 Address: 0x0000000100000000

Heap:
 PSYoungGen      total 80384K, used 5448K [0x00000000eb180000, 0x00000000f1e00000, 0x0000000100000000)
  eden space 79872K, 6% used [0x00000000eb180000,0x00000000eb6b2150,0x00000000eff80000)
  from space 512K, 25% used [0x00000000f1d80000,0x00000000f1da0000,0x00000000f1e00000)
  to   space 1536K, 0% used [0x00000000f1b00000,0x00000000f1b00000,0x00000000f1c80000)
 ParOldGen       total 132096K, used 41656K [0x00000000c1400000, 0x00000000c9500000, 0x00000000eb180000)
  object space 132096K, 31% used [0x00000000c1400000,0x00000000c3cae218,0x00000000c9500000)
 Metaspace       used 11887K, capacity 12144K, committed 12288K, reserved 1060864K
  class space    used 1456K, capacity 1520K, committed 1536K, reserved 1048576K

Card table byte_map: [0x00000000124b0000,0x00000000126b0000] byte_map_base: 0x0000000011ea6000

Marking Bits: (ParMarkBitMap*) 0x000000005e4a5ce0
 Begin Bits: [0x0000000012c00000, 0x0000000013bb0000)
 End Bits:   [0x0000000013bb0000, 0x0000000014b60000)

Polling page: 0x0000000000e60000

CodeCache: size=245760Kb used=5162Kb max_used=5176Kb free=240597Kb
 bounds [0x00000000030f0000, 0x0000000003610000, 0x00000000120f0000]
 total_blobs=1847 nmethods=1368 adapters=391
 compilation: enabled

Compilation events (10 events):
Event: 44.704 Thread 0x000000001575d800 nmethod 1401 0x00000000035f9d90 code [0x00000000035fa1c0, 0x00000000035fc9f8]
Event: 44.789 Thread 0x000000001575d800 1402   !   3       java.awt.AWTEvent::dispatched (47 bytes)
Event: 44.789 Thread 0x000000001575d800 nmethod 1402 0x00000000035f82d0 code [0x00000000035f84c0, 0x00000000035f8ef8]
Event: 44.826 Thread 0x000000001575d800 1403       3       java.awt.Component::areInputMethodsEnabled (39 bytes)
Event: 44.827 Thread 0x000000001575d800 nmethod 1403 0x00000000035f7ed0 code [0x00000000035f8020, 0x00000000035f8270]
Event: 44.845 Thread 0x000000001575d800 1404       3       java.awt.Component::eventTypeEnabled (487 bytes)
Event: 44.845 Thread 0x000000001575d800 nmethod 1404 0x00000000035f4b50 code [0x00000000035f4d00, 0x00000000035f5770]
Event: 45.380 Thread 0x000000001575d000 1405  s    4       sun.java2d.loops.GraphicsPrimitiveMgr::locate (56 bytes)
Event: 45.385 Thread 0x000000001575d000 nmethod 1405 0x00000000035f76d0 code [0x00000000035f7840, 0x00000000035f7ce8]
Event: 45.489 Thread 0x0000000015717000 1406   !   4       sun.java2d.SunGraphics2D::drawImage (145 bytes)

GC Heap History (10 events):
Event: 38.522 GC heap before
{Heap before GC invocations=24 (full 5):
 PSYoungGen      total 88576K, used 88116K [0x00000000eb180000, 0x00000000f2000000, 0x0000000100000000)
  eden space 88064K, 99% used [0x00000000eb180000,0x00000000f076d048,0x00000000f0780000)
  from space 512K, 25% used [0x00000000f1f80000,0x00000000f1fa0000,0x00000000f2000000)
  to   space 2048K, 0% used [0x00000000f1c00000,0x00000000f1c00000,0x00000000f1e00000)
 ParOldGen       total 119296K, used 71663K [0x00000000c1400000, 0x00000000c8880000, 0x00000000eb180000)
  object space 119296K, 60% used [0x00000000c1400000,0x00000000c59fbd70,0x00000000c8880000)
 Metaspace       used 11874K, capacity 12144K, committed 12288K, reserved 1060864K
  class space    used 1456K, capacity 1520K, committed 1536K, reserved 1048576K
Event: 38.525 GC heap after
Heap after GC invocations=24 (full 5):
 PSYoungGen      total 88064K, used 160K [0x00000000eb180000, 0x00000000f2000000, 0x0000000100000000)
  eden space 86016K, 0% used [0x00000000eb180000,0x00000000eb180000,0x00000000f0580000)
  from space 2048K, 7% used [0x00000000f1c00000,0x00000000f1c28000,0x00000000f1e00000)
  to   space 1536K, 0% used [0x00000000f1e80000,0x00000000f1e80000,0x00000000f2000000)
 ParOldGen       total 119296K, used 82913K [0x00000000c1400000, 0x00000000c8880000, 0x00000000eb180000)
  object space 119296K, 69% used [0x00000000c1400000,0x00000000c64f85a0,0x00000000c8880000)
 Metaspace       used 11874K, capacity 12144K, committed 12288K, reserved 1060864K
  class space    used 1456K, capacity 1520K, committed 1536K, reserved 1048576K
}
Event: 40.957 GC heap before
{Heap before GC invocations=25 (full 5):
 PSYoungGen      total 88064K, used 84359K [0x00000000eb180000, 0x00000000f2000000, 0x0000000100000000)
  eden space 86016K, 97% used [0x00000000eb180000,0x00000000f03b9fb8,0x00000000f0580000)
  from space 2048K, 7% used [0x00000000f1c00000,0x00000000f1c28000,0x00000000f1e00000)
  to   space 1536K, 0% used [0x00000000f1e80000,0x00000000f1e80000,0x00000000f2000000)
 ParOldGen       total 119296K, used 82913K [0x00000000c1400000, 0x00000000c8880000, 0x00000000eb180000)
  object space 119296K, 69% used [0x00000000c1400000,0x00000000c64f85a0,0x00000000c8880000)
 Metaspace       used 11878K, capacity 12144K, committed 12288K, reserved 1060864K
  class space    used 1456K, capacity 1520K, committed 1536K, reserved 1048576K
Event: 40.960 GC heap after
Heap after GC invocations=25 (full 5):
 PSYoungGen      total 84480K, used 128K [0x00000000eb180000, 0x00000000f1f00000, 0x0000000100000000)
  eden space 83968K, 0% used [0x00000000eb180000,0x00000000eb180000,0x00000000f0380000)
  from space 512K, 25% used [0x00000000f1e80000,0x00000000f1ea0000,0x00000000f1f00000)
  to   space 1536K, 0% used [0x00000000f1c00000,0x00000000f1c00000,0x00000000f1d80000)
 ParOldGen       total 119296K, used 94163K [0x00000000c1400000, 0x00000000c8880000, 0x00000000eb180000)
  object space 119296K, 78% used [0x00000000c1400000,0x00000000c6ff4dd0,0x00000000c8880000)
 Metaspace       used 11878K, capacity 12144K, committed 12288K, reserved 1060864K
  class space    used 1456K, capacity 1520K, committed 1536K, reserved 1048576K
}
Event: 43.281 GC heap before
{Heap before GC invocations=26 (full 5):
 PSYoungGen      total 84480K, used 80539K [0x00000000eb180000, 0x00000000f1f00000, 0x0000000100000000)
  eden space 83968K, 95% used [0x00000000eb180000,0x00000000f0006ea8,0x00000000f0380000)
  from space 512K, 25% used [0x00000000f1e80000,0x00000000f1ea0000,0x00000000f1f00000)
  to   space 1536K, 0% used [0x00000000f1c00000,0x00000000f1c00000,0x00000000f1d80000)
 ParOldGen       total 119296K, used 94163K [0x00000000c1400000, 0x00000000c8880000, 0x00000000eb180000)
  object space 119296K, 78% used [0x00000000c1400000,0x00000000c6ff4dd0,0x00000000c8880000)
 Metaspace       used 11882K, capacity 12144K, committed 12288K, reserved 1060864K
  class space    used 1456K, capacity 1520K, committed 1536K, reserved 1048576K
Event: 43.284 GC heap after
Heap after GC invocations=26 (full 5):
 PSYoungGen      total 83456K, used 160K [0x00000000eb180000, 0x00000000f1f00000, 0x0000000100000000)
  eden space 81920K, 0% used [0x00000000eb180000,0x00000000eb180000,0x00000000f0180000)
  from space 1536K, 10% used [0x00000000f1c00000,0x00000000f1c28000,0x00000000f1d80000)
  to   space 1536K, 0% used [0x00000000f1d80000,0x00000000f1d80000,0x00000000f1f00000)
 ParOldGen       total 119296K, used 105413K [0x00000000c1400000, 0x00000000c8880000, 0x00000000eb180000)
  object space 119296K, 88% used [0x00000000c1400000,0x00000000c7af1600,0x00000000c8880000)
 Metaspace       used 11882K, capacity 12144K, committed 12288K, reserved 1060864K
  class space    used 1456K, capacity 1520K, committed 1536K, reserved 1048576K
}
Event: 43.284 GC heap before
{Heap before GC invocations=27 (full 6):
 PSYoungGen      total 83456K, used 160K [0x00000000eb180000, 0x00000000f1f00000, 0x0000000100000000)
  eden space 81920K, 0% used [0x00000000eb180000,0x00000000eb180000,0x00000000f0180000)
  from space 1536K, 10% used [0x00000000f1c00000,0x00000000f1c28000,0x00000000f1d80000)
  to   space 1536K, 0% used [0x00000000f1d80000,0x00000000f1d80000,0x00000000f1f00000)
 ParOldGen       total 119296K, used 105413K [0x00000000c1400000, 0x00000000c8880000, 0x00000000eb180000)
  object space 119296K, 88% used [0x00000000c1400000,0x00000000c7af1600,0x00000000c8880000)
 Metaspace       used 11882K, capacity 12144K, committed 12288K, reserved 1060864K
  class space    used 1456K, capacity 1520K, committed 1536K, reserved 1048576K
Event: 43.294 GC heap after
Heap after GC invocations=27 (full 6):
 PSYoungGen      total 83456K, used 0K [0x00000000eb180000, 0x00000000f1f00000, 0x0000000100000000)
  eden space 81920K, 0% used [0x00000000eb180000,0x00000000eb180000,0x00000000f0180000)
  from space 1536K, 0% used [0x00000000f1c00000,0x00000000f1c00000,0x00000000f1d80000)
  to   space 1536K, 0% used [0x00000000f1d80000,0x00000000f1d80000,0x00000000f1f00000)
 ParOldGen       total 132096K, used 30398K [0x00000000c1400000, 0x00000000c9500000, 0x00000000eb180000)
  object space 132096K, 23% used [0x00000000c1400000,0x00000000c31af9e8,0x00000000c9500000)
 Metaspace       used 11882K, capacity 12144K, committed 12288K, reserved 1060864K
  class space    used 1456K, capacity 1520K, committed 1536K, reserved 1048576K
}
Event: 45.598 GC heap before
{Heap before GC invocations=28 (full 6):
 PSYoungGen      total 83456K, used 80415K [0x00000000eb180000, 0x00000000f1f00000, 0x0000000100000000)
  eden space 81920K, 98% used [0x00000000eb180000,0x00000000f0007c90,0x00000000f0180000)
  from space 1536K, 0% used [0x00000000f1c00000,0x00000000f1c00000,0x00000000f1d80000)
  to   space 1536K, 0% used [0x00000000f1d80000,0x00000000f1d80000,0x00000000f1f00000)
 ParOldGen       total 132096K, used 30398K [0x00000000c1400000, 0x00000000c9500000, 0x00000000eb180000)
  object space 132096K, 23% used [0x00000000c1400000,0x00000000c31af9e8,0x00000000c9500000)
 Metaspace       used 11887K, capacity 12144K, committed 12288K, reserved 1060864K
  class space    used 1456K, capacity 1520K, committed 1536K, reserved 1048576K
Event: 45.602 GC heap after
Heap after GC invocations=28 (full 6):
 PSYoungGen      total 80384K, used 128K [0x00000000eb180000, 0x00000000f1e00000, 0x0000000100000000)
  eden space 79872K, 0% used [0x00000000eb180000,0x00000000eb180000,0x00000000eff80000)
  from space 512K, 25% used [0x00000000f1d80000,0x00000000f1da0000,0x00000000f1e00000)
  to   space 1536K, 0% used [0x00000000f1b00000,0x00000000f1b00000,0x00000000f1c80000)
 ParOldGen       total 132096K, used 41656K [0x00000000c1400000, 0x00000000c9500000, 0x00000000eb180000)
  object space 132096K, 31% used [0x00000000c1400000,0x00000000c3cae218,0x00000000c9500000)
 Metaspace       used 11887K, capacity 12144K, committed 12288K, reserved 1060864K
  class space    used 1456K, capacity 1520K, committed 1536K, reserved 1048576K
}

Deoptimization events (10 events):
Event: 1.322 Thread 0x0000000018382800 Uncommon trap: reason=unstable_if action=reinterpret pc=0x000000000330fe98 method=sun.awt.image.ImageRepresentation.getOpaqueRGBImage()Ljava/awt/image/BufferedImage; @ 71
Event: 6.228 Thread 0x0000000018382800 Uncommon trap: reason=unstable_if action=reinterpret pc=0x000000000333b0cc method=java.awt.image.ReplicateScaleFilter.setPixels(IIIILjava/awt/image/ColorModel;[III)V @ 4
Event: 8.163 Thread 0x0000000018c40800 Uncommon trap: reason=class_check action=maybe_recompile pc=0x00000000033e9f34 method=java.util.HashMap.getNode(ILjava/lang/Object;)Ljava/util/HashMap$Node; @ 126
Event: 8.163 Thread 0x0000000018c40800 Uncommon trap: reason=class_check action=maybe_recompile pc=0x00000000033e9f34 method=java.util.HashMap.getNode(ILjava/lang/Object;)Ljava/util/HashMap$Node; @ 126
Event: 8.663 Thread 0x0000000018c40800 Uncommon trap: reason=class_check action=maybe_recompile pc=0x00000000033e9f34 method=java.util.HashMap.getNode(ILjava/lang/Object;)Ljava/util/HashMap$Node; @ 126
Event: 8.663 Thread 0x0000000018c40800 Uncommon trap: reason=class_check action=maybe_recompile pc=0x00000000033e9f34 method=java.util.HashMap.getNode(ILjava/lang/Object;)Ljava/util/HashMap$Node; @ 126
Event: 9.579 Thread 0x0000000018382800 Uncommon trap: reason=unstable_if action=reinterpret pc=0x0000000003309f58 method=java.awt.image.ReplicateScaleFilter.setPixels(IIIILjava/awt/image/ColorModel;[III)V @ 4
Event: 12.353 Thread 0x0000000018c40800 Uncommon trap: reason=class_check action=maybe_recompile pc=0x00000000032751e0 method=java.lang.String.equals(Ljava/lang/Object;)Z @ 8
Event: 12.353 Thread 0x0000000018c40800 Uncommon trap: reason=class_check action=maybe_recompile pc=0x00000000032751e0 method=java.lang.String.equals(Ljava/lang/Object;)Z @ 8
Event: 14.024 Thread 0x000000001848c000 Uncommon trap: reason=range_check action=make_not_entrant pc=0x00000000033a8524 method=java.awt.image.DirectColorModel.setFields()V @ 65

Classes redefined (0 events):
No events

Internal exceptions (10 events):
Event: 0.490 Thread 0x0000000002eee000 Exception <a 'java/io/FileNotFoundException'> (0x00000000eb270e90) thrown at [C:\re\workspace\8-2-build-windows-amd64-cygwin\jdk8u202\12323\hotspot\src\share\vm\prims\jni.cpp, line 710]
Event: 0.582 Thread 0x0000000002eee000 Exception <a 'java/lang/NoSuchFieldError': method resolution failed> (0x00000000eb393800) thrown at [C:\re\workspace\8-2-build-windows-amd64-cygwin\jdk8u202\12323\hotspot\src\share\vm\prims\methodHandles.cpp, line 1167]
Event: 0.591 Thread 0x0000000002eee000 Exception <a 'java/lang/NoSuchFieldError': method resolution failed> (0x00000000eb3a0bd0) thrown at [C:\re\workspace\8-2-build-windows-amd64-cygwin\jdk8u202\12323\hotspot\src\share\vm\prims\methodHandles.cpp, line 1167]
Event: 0.717 Thread 0x0000000002eee000 Exception <a 'java/io/FileNotFoundException'> (0x00000000eb4392d8) thrown at [C:\re\workspace\8-2-build-windows-amd64-cygwin\jdk8u202\12323\hotspot\src\share\vm\prims\jni.cpp, line 710]
Event: 1.525 Thread 0x0000000002eee000 Exception <a 'java/io/FileNotFoundException'> (0x00000000eb5bf208) thrown at [C:\re\workspace\8-2-build-windows-amd64-cygwin\jdk8u202\12323\hotspot\src\share\vm\prims\jni.cpp, line 710]
Event: 1.525 Thread 0x0000000002eee000 Exception <a 'java/lang/NullPointerException'> (0x00000000eb5bf8b0) thrown at [C:\re\workspace\8-2-build-windows-amd64-cygwin\jdk8u202\12323\hotspot\src\share\vm\interpreter\linkResolver.cpp, line 1185]
Event: 6.128 Thread 0x0000000018382800 Exception <a 'java/io/FileNotFoundException'> (0x00000000eb582f30) thrown at [C:\re\workspace\8-2-build-windows-amd64-cygwin\jdk8u202\12323\hotspot\src\share\vm\prims\jni.cpp, line 710]
Event: 6.153 Thread 0x0000000018382800 Exception <a 'java/io/FileNotFoundException'> (0x00000000eb5f4bd8) thrown at [C:\re\workspace\8-2-build-windows-amd64-cygwin\jdk8u202\12323\hotspot\src\share\vm\prims\jni.cpp, line 710]
Event: 6.228 Thread 0x0000000018382800 Implicit null exception at 0x000000000333e086 to 0x000000000333afb9
Event: 9.579 Thread 0x0000000018382800 Implicit null exception at 0x000000000330980d to 0x0000000003309f45

Events (10 events):
Event: 38.525 Executing VM operation: ParallelGCFailedAllocation done
Event: 40.957 Executing VM operation: ParallelGCFailedAllocation
Event: 40.960 Executing VM operation: ParallelGCFailedAllocation done
Event: 43.280 Executing VM operation: ParallelGCFailedAllocation
Event: 43.294 Executing VM operation: ParallelGCFailedAllocation done
Event: 44.225 loading class java/awt/LightweightDispatcher$2
Event: 44.259 loading class java/awt/LightweightDispatcher$2 done
Event: 45.385 Thread 0x000000001575d000 flushing nmethod 0x000000000331bf90
Event: 45.598 Executing VM operation: ParallelGCFailedAllocation
Event: 45.602 Executing VM operation: ParallelGCFailedAllocation done


Dynamic libraries:
0x00007ff706580000 - 0x00007ff7065b7000 	C:\Program Files\JavaFile\bin\javaw.exe
0x00007ffeb58b0000 - 0x00007ffeb5aa4000 	C:\WINDOWS\SYSTEM32\ntdll.dll
0x00007ffeb3dc0000 - 0x00007ffeb3e7d000 	C:\WINDOWS\System32\KERNEL32.DLL
0x00007ffeb3250000 - 0x00007ffeb3517000 	C:\WINDOWS\System32\KERNELBASE.dll
0x00007ffeb4a90000 - 0x00007ffeb4b3a000 	C:\WINDOWS\System32\ADVAPI32.dll
0x00007ffeb4cd0000 - 0x00007ffeb4d6e000 	C:\WINDOWS\System32\msvcrt.dll
0x00007ffeb3a40000 - 0x00007ffeb3adb000 	C:\WINDOWS\System32\sechost.dll
0x00007ffeb4b40000 - 0x00007ffeb4c63000 	C:\WINDOWS\System32\RPCRT4.dll
0x00007ffeb3c00000 - 0x00007ffeb3da0000 	C:\WINDOWS\System32\USER32.dll
0x00007ffeb3520000 - 0x00007ffeb3542000 	C:\WINDOWS\System32\win32u.dll
0x00007ffeb3bd0000 - 0x00007ffeb3bfa000 	C:\WINDOWS\System32\GDI32.dll
0x00007ffeb3810000 - 0x00007ffeb391a000 	C:\WINDOWS\System32\gdi32full.dll
0x00007ffeb31b0000 - 0x00007ffeb324d000 	C:\WINDOWS\System32\msvcp_win.dll
0x00007ffeb3000000 - 0x00007ffeb3100000 	C:\WINDOWS\System32\ucrtbase.dll
0x00007ffea5d90000 - 0x00007ffea602a000 	C:\WINDOWS\WinSxS\amd64_microsoft.windows.common-controls_6595b64144ccf1df_6.0.19041.1_none_b555e41d4684ddec\COMCTL32.dll
0x00007ffeb54e0000 - 0x00007ffeb5510000 	C:\WINDOWS\System32\IMM32.DLL
0x000000005e840000 - 0x000000005e912000 	C:\Program Files\JavaFile\bin\msvcr100.dll
0x000000005dc80000 - 0x000000005e525000 	C:\Program Files\JavaFile\bin\server\jvm.dll
0x00007ffeb51e0000 - 0x00007ffeb51e8000 	C:\WINDOWS\System32\PSAPI.DLL
0x00007ffea0f00000 - 0x00007ffea0f09000 	C:\WINDOWS\SYSTEM32\WSOCK32.dll
0x00007ffeb3ae0000 - 0x00007ffeb3b4b000 	C:\WINDOWS\System32\WS2_32.dll
0x00007ffea6e80000 - 0x00007ffea6ea7000 	C:\WINDOWS\SYSTEM32\WINMM.dll
0x00007ffea7530000 - 0x00007ffea753a000 	C:\WINDOWS\SYSTEM32\VERSION.dll
0x00007ffead2e0000 - 0x00007ffead2ef000 	C:\Program Files\JavaFile\bin\verify.dll
0x00007ffe97170000 - 0x00007ffe97199000 	C:\Program Files\JavaFile\bin\java.dll
0x00007ffe965c0000 - 0x00007ffe965d6000 	C:\Program Files\JavaFile\bin\zip.dll
0x00007ffeb42f0000 - 0x00007ffeb4a24000 	C:\WINDOWS\System32\SHELL32.dll
0x00007ffeb1190000 - 0x00007ffeb191e000 	C:\WINDOWS\SYSTEM32\windows.storage.dll
0x00007ffeb5510000 - 0x00007ffeb5863000 	C:\WINDOWS\System32\combase.dll
0x00007ffeb29b0000 - 0x00007ffeb29db000 	C:\WINDOWS\SYSTEM32\Wldp.dll
0x00007ffeb3e80000 - 0x00007ffeb3f2e000 	C:\WINDOWS\System32\SHCORE.dll
0x00007ffeb51f0000 - 0x00007ffeb5245000 	C:\WINDOWS\System32\shlwapi.dll
0x00007ffeb2f40000 - 0x00007ffeb2f5f000 	C:\WINDOWS\SYSTEM32\profapi.dll
0x00007ffe84530000 - 0x00007ffe846c9000 	C:\Program Files\JavaFile\bin\awt.dll
0x00007ffeb3f30000 - 0x00007ffeb3ffd000 	C:\WINDOWS\System32\OLEAUT32.dll
0x00007ffeb0940000 - 0x00007ffeb09d0000 	C:\WINDOWS\SYSTEM32\apphelp.dll
0x00007ffeb0ca0000 - 0x00007ffeb0cce000 	C:\WINDOWS\system32\DWMAPI.DLL
0x00007ffeb0ad0000 - 0x00007ffeb0b6f000 	C:\WINDOWS\system32\uxtheme.dll
0x00007ffe98b90000 - 0x00007ffe98cec000 	C:\WINDOWS\system32\opengl32.dll
0x00007ffe9ae50000 - 0x00007ffe9ae7c000 	C:\WINDOWS\SYSTEM32\GLU32.dll
0x00007ffeb53c0000 - 0x00007ffeb54d5000 	C:\WINDOWS\System32\MSCTF.dll
0x00007ffeb4000000 - 0x00007ffeb4129000 	C:\WINDOWS\System32\ole32.dll
0x00007ffeb0f90000 - 0x00007ffeb0fa3000 	C:\WINDOWS\SYSTEM32\kernel.appcore.dll
0x00007ffeb3550000 - 0x00007ffeb35cf000 	C:\WINDOWS\System32\bcryptPrimitives.dll
0x00007ffe89f90000 - 0x00007ffe89fd7000 	C:\Program Files\JavaFile\bin\fontmanager.dll
0x00007ffeaa4a0000 - 0x00007ffeaa59c000 	C:\WINDOWS\SYSTEM32\textinputframework.dll
0x00007ffeb0290000 - 0x00007ffeb05ea000 	C:\WINDOWS\System32\CoreUIComponents.dll
0x00007ffeb05f0000 - 0x00007ffeb06e2000 	C:\WINDOWS\System32\CoreMessaging.dll
0x00007ffeb1d70000 - 0x00007ffeb1da3000 	C:\WINDOWS\SYSTEM32\ntmarta.dll
0x00007ffeaf2e0000 - 0x00007ffeaf436000 	C:\WINDOWS\SYSTEM32\wintypes.dll
0x00007ffe953e0000 - 0x00007ffe953fa000 	C:\Program Files\JavaFile\bin\net.dll
0x00007ffea47d0000 - 0x00007ffea49bd000 	C:\WINDOWS\SYSTEM32\urlmon.dll
0x00007ffea7280000 - 0x00007ffea752e000 	C:\WINDOWS\SYSTEM32\iertutil.dll
0x00007ffeb2730000 - 0x00007ffeb279a000 	C:\WINDOWS\system32\mswsock.dll
0x00007ffe949c0000 - 0x00007ffe949d2000 	C:\Program Files\JavaFile\bin\nio.dll
0x00007ffe89c80000 - 0x00007ffe89cc2000 	C:\Program Files\JavaFile\bin\t2k.dll
0x00007ffeb3920000 - 0x00007ffeb39c8000 	C:\WINDOWS\System32\clbcatq.dll
0x00007ffe9da60000 - 0x00007ffe9db31000 	C:\Windows\System32\IME\IMEKR\imkrtip.dll
0x00007ffeae570000 - 0x00007ffeae665000 	C:\WINDOWS\SYSTEM32\PROPSYS.dll
0x00007ffe9d880000 - 0x00007ffe9d9c2000 	C:\Windows\System32\IME\shared\imetip.dll
0x00007ffead210000 - 0x00007ffead276000 	C:\WINDOWS\SYSTEM32\OLEACC.dll
0x00007ffe9c1e0000 - 0x00007ffe9c38e000 	C:\WINDOWS\SYSTEM32\DUI70.dll
0x00007ffe9e120000 - 0x00007ffe9e160000 	C:\Windows\System32\IME\IMEKR\imkrapi.dll
0x00007ffead8b0000 - 0x00007ffead943000 	C:\WINDOWS\SYSTEM32\policymanager.dll
0x00007ffeb2180000 - 0x00007ffeb220a000 	C:\WINDOWS\SYSTEM32\msvcp110_win.dll
0x00007ffe9ddc0000 - 0x00007ffe9ddfe000 	C:\Windows\System32\IME\shared\imjkapi.dll
0x00007ffea70c0000 - 0x00007ffea7274000 	C:\WINDOWS\SYSTEM32\WindowsCodecs.dll
0x00007ffeb3730000 - 0x00007ffeb3757000 	C:\WINDOWS\System32\bcrypt.dll
0x00007ffe9a590000 - 0x00007ffe9a5ce000 	C:\WINDOWS\system32\dataexchange.dll
0x00007ffeae880000 - 0x00007ffeaeae3000 	C:\WINDOWS\system32\d3d11.dll
0x00007ffeafa10000 - 0x00007ffeafbf5000 	C:\WINDOWS\system32\dcomp.dll
0x00007ffeb1aa0000 - 0x00007ffeb1b93000 	C:\WINDOWS\system32\dxgi.dll
0x00007ffeaaaf0000 - 0x00007ffeaacf8000 	C:\WINDOWS\system32\twinapi.appcore.dll

VM Arguments:
jvm_args: -Dfile.encoding=MS949 
java_command: com.escapooh.prol.TestRun
java_class_path (initial): C:\Program Files\JavaFile\lib\resources.jar;C:\Program Files\JavaFile\lib\rt.jar;C:\Program Files\JavaFile\lib\jsse.jar;C:\Program Files\JavaFile\lib\jce.jar;C:\Program Files\JavaFile\lib\charsets.jar;C:\Program Files\JavaFile\lib\jfr.jar;C:\Program Files\JavaFile\lib\ext\access-bridge-64.jar;C:\Program Files\JavaFile\lib\ext\cldrdata.jar;C:\Program Files\JavaFile\lib\ext\dnsns.jar;C:\Program Files\JavaFile\lib\ext\dns_sd.jar;C:\Program Files\JavaFile\lib\ext\jaccess.jar;C:\Program Files\JavaFile\lib\ext\jfxrt.jar;C:\Program Files\JavaFile\lib\ext\localedata.jar;C:\Program Files\JavaFile\lib\ext\nashorn.jar;C:\Program Files\JavaFile\lib\ext\sunec.jar;C:\Program Files\JavaFile\lib\ext\sunjce_provider.jar;C:\Program Files\JavaFile\lib\ext\sunmscapi.jar;C:\Program Files\JavaFile\lib\ext\sunpkcs11.jar;C:\Program Files\JavaFile\lib\ext\zipfs.jar;C:\Users\상아\git\Team4_EscaPooh_re\bin
Launcher Type: SUN_STANDARD

Environment Variables:
PATH=C:/Program Files/JavaFile/bin/server;C:/Program Files/JavaFile/bin;C:/Program Files/JavaFile/lib/amd64;C:\Program Files\JavaFile\bin;;%SystemRoot%\system32;%SystemRoot%;%SystemRoot%\System32\Wbem;%SYSTEMROOT%\System32\WindowsPowerShell\v1.0\;%SYSTEMROOT%\System32\OpenSSH\;C:\Users\상아\AppData\Local\Microsoft\WindowsApps;;C:\Program Files\eclipse-jee-oxygen-3a-win32-x86_64\eclipse;
USERNAME=상아
OS=Windows_NT
PROCESSOR_IDENTIFIER=Intel64 Family 6 Model 61 Stepping 4, GenuineIntel



---------------  S Y S T E M  ---------------

OS: Windows 10.0 , 64 bit Build 19041 (10.0.19041.292)

CPU:total 4 (initial active 4) (2 cores per cpu, 2 threads per core) family 6 model 61 stepping 4, cmov, cx8, fxsr, mmx, sse, sse2, sse3, ssse3, sse4.1, sse4.2, popcnt, avx, avx2, aes, clmul, erms, 3dnowpref, lzcnt, ht, tsc, tscinvbit, bmi1, bmi2, adx

Memory: 4k page, physical 4107684k(123652k free), swap 4107684k(5592k free)

vm_info: Java HotSpot(TM) 64-Bit Server VM (25.202-b08) for windows-amd64 JRE (1.8.0_202-b08), built on Dec 15 2018 19:54:30 by "java_re" with MS VC++ 10.0 (VS2010)

time: Thu Jun 25 10:08:28 2020
timezone: 대한민국 표준시
elapsed time: 45 seconds (0d 0h 0m 45s)

