#
# There is insufficient memory for the Java Runtime Environment to continue.
# Native memory allocation (malloc) failed to allocate 32744 bytes for ChunkPool::allocate
# Possible reasons:
#   The system is out of physical RAM or swap space
#   The process is running with CompressedOops enabled, and the Java Heap may be blocking the growth of the native heap
# Possible solutions:
#   Reduce memory load on the system
#   Increase physical memory or swap space
#   Check if swap backing store is full
#   Decrease Java heap size (-Xmx/-Xms)
#   Decrease number of Java threads
#   Decrease Java thread stack sizes (-Xss)
#   Set larger code cache with -XX:ReservedCodeCacheSize=
#   JVM is running with Unscaled Compressed Oops mode in which the Java heap is
#     placed in the first 4GB address space. The Java Heap base address is the
#     maximum limit for the native heap growth. Please use -XX:HeapBaseMinAddress
#     to set the Java Heap base and to place the Java Heap above 4GB virtual address.
# This output file may be truncated or incomplete.
#
#  Out of Memory Error (allocation.cpp:272), pid=7644, tid=0x0000000000001e00
#
# JRE version: Java(TM) SE Runtime Environment (8.0_202-b08) (build 1.8.0_202-b08)
# Java VM: Java HotSpot(TM) 64-Bit Server VM (25.202-b08 mixed mode windows-amd64 compressed oops)
# Failed to write core dump. Minidumps are not enabled by default on client versions of Windows
#

---------------  T H R E A D  ---------------

Current thread (0x0000000015736000):  JavaThread "C2 CompilerThread0" daemon [_thread_in_native, id=7680, stack(0x0000000017090000,0x0000000017190000)]

Stack: [0x0000000017090000,0x0000000017190000]
[error occurred during error reporting (printing stack bounds), id 0xc0000005]

Native frames: (J=compiled Java code, j=interpreted, Vv=VM code, C=native code)


Current CompileTask:
C2:  13558 1373   !   4       sun.java2d.SunGraphics2D::drawImage (145 bytes)


---------------  P R O C E S S  ---------------

Java Threads: ( => current thread )
  0x0000000018a9b800 JavaThread "Thread-2" [_thread_blocked, id=5304, stack(0x000000001ab00000,0x000000001ac00000)]
  0x0000000002f0e000 JavaThread "DestroyJavaVM" [_thread_blocked, id=7436, stack(0x0000000002f10000,0x0000000003010000)]
  0x0000000018761000 JavaThread "AWT-EventQueue-0" [_thread_blocked, id=6928, stack(0x0000000018cc0000,0x0000000018dc0000)]
  0x0000000016e4c000 JavaThread "AWT-Windows" daemon [_thread_in_native, id=2640, stack(0x00000000178d0000,0x00000000179d0000)]
  0x0000000016dfd000 JavaThread "AWT-Shutdown" [_thread_blocked, id=7848, stack(0x00000000177d0000,0x00000000178d0000)]
  0x0000000016dfc000 JavaThread "Java2D Disposer" daemon [_thread_blocked, id=3876, stack(0x00000000176d0000,0x00000000177d0000)]
  0x0000000016b2e800 JavaThread "Service Thread" daemon [_thread_blocked, id=7160, stack(0x0000000017390000,0x0000000017490000)]
  0x0000000015748800 JavaThread "C1 CompilerThread2" daemon [_thread_blocked, id=256, stack(0x0000000017290000,0x0000000017390000)]
  0x0000000015744000 JavaThread "C2 CompilerThread1" daemon [_thread_in_native, id=3444, stack(0x0000000017190000,0x0000000017290000)]
=>0x0000000015736000 JavaThread "C2 CompilerThread0" daemon [_thread_in_native, id=7680, stack(0x0000000017090000,0x0000000017190000)]
  0x0000000016ad3000 JavaThread "Attach Listener" daemon [_thread_blocked, id=6460, stack(0x0000000016f90000,0x0000000017090000)]
  0x0000000016ad2800 JavaThread "Signal Dispatcher" daemon [_thread_blocked, id=6180, stack(0x0000000016e90000,0x0000000016f90000)]
  0x000000001570a800 JavaThread "Finalizer" daemon [_thread_blocked, id=4576, stack(0x0000000016970000,0x0000000016a70000)]
  0x00000000156e9000 JavaThread "Reference Handler" daemon [_thread_blocked, id=5524, stack(0x0000000016870000,0x0000000016970000)]

Other Threads:
  0x00000000156e7000 VMThread [stack: 0x0000000016770000,0x0000000016870000] [id=4284]
  0x0000000016b30000 WatcherThread [stack: 0x0000000017490000,0x0000000017590000] [id=8140]

VM state:not at safepoint (normal execution)

VM Mutex/Monitor currently owned by a thread: None

heap address: 0x00000000c1400000, size: 1004 MB, Compressed Oops mode: 32-bit
Narrow klass base: 0x0000000000000000, Narrow klass shift: 3
Compressed class space size: 1073741824 Address: 0x0000000100000000

Heap:
 PSYoungGen      total 98816K, used 31900K [0x00000000eb180000, 0x00000000f1500000, 0x0000000100000000)
  eden space 96768K, 32% used [0x00000000eb180000,0x00000000ed0a71f8,0x00000000f1000000)
  from space 2048K, 0% used [0x00000000f1300000,0x00000000f1300000,0x00000000f1500000)
  to   space 2560K, 0% used [0x00000000f1000000,0x00000000f1000000,0x00000000f1280000)
 ParOldGen       total 55296K, used 22877K [0x00000000c1400000, 0x00000000c4a00000, 0x00000000eb180000)
  object space 55296K, 41% used [0x00000000c1400000,0x00000000c2a577d0,0x00000000c4a00000)
 Metaspace       used 10314K, capacity 10570K, committed 10880K, reserved 1058816K
  class space    used 1198K, capacity 1293K, committed 1408K, reserved 1048576K

Card table byte_map: [0x00000000124d0000,0x00000000126d0000] byte_map_base: 0x0000000011ec6000

Marking Bits: (ParMarkBitMap*) 0x0000000068495ce0
 Begin Bits: [0x0000000012c20000, 0x0000000013bd0000)
 End Bits:   [0x0000000013bd0000, 0x0000000014b80000)

Polling page: 0x0000000001320000

CodeCache: size=245760Kb used=5036Kb max_used=5036Kb free=240723Kb
 bounds [0x0000000003110000, 0x0000000003610000, 0x0000000012110000]
 total_blobs=1832 nmethods=1372 adapters=372
 compilation: enabled

Compilation events (10 events):
Event: 13.199 Thread 0x0000000015748800 1368   !   3       javax.swing.KeyStroke::getKeyStroke (29 bytes)
Event: 13.199 Thread 0x0000000015748800 nmethod 1368 0x00000000035ed790 code [0x00000000035ed920, 0x00000000035eddd8]
Event: 13.412 Thread 0x0000000015744000 1370       4       java.beans.PropertyChangeSupport::fire (39 bytes)
Event: 13.421 Thread 0x0000000015744000 nmethod 1370 0x00000000035f3a90 code [0x00000000035f3c60, 0x00000000035f41c0]
Event: 13.465 Thread 0x0000000015748800 1371       3       java.awt.Component::dispatchEventImpl (921 bytes)
Event: 13.474 Thread 0x0000000015748800 nmethod 1371 0x00000000035f47d0 code [0x00000000035f5240, 0x00000000035fe0e8]
Event: 13.474 Thread 0x0000000015748800 1372       3       javax.swing.JComponent$IntVector::elementAt (7 bytes)
Event: 13.474 Thread 0x0000000015748800 nmethod 1372 0x00000000035ec650 code [0x00000000035ec7a0, 0x00000000035ec910]
Event: 13.477 Thread 0x0000000015736000 1373   !   4       sun.java2d.SunGraphics2D::drawImage (145 bytes)
Event: 13.477 Thread 0x0000000015744000 1374       4       sun.java2d.pipe.DrawImage::copyImage (60 bytes)

GC Heap History (10 events):
Event: 11.731 GC heap before
{Heap before GC invocations=38 (full 18):
 PSYoungGen      total 98816K, used 160K [0x00000000eb180000, 0x00000000f1500000, 0x0000000100000000)
  eden space 96768K, 0% used [0x00000000eb180000,0x00000000eb180000,0x00000000f1000000)
  from space 2048K, 7% used [0x00000000f1300000,0x00000000f1328000,0x00000000f1500000)
  to   space 2560K, 0% used [0x00000000f1000000,0x00000000f1000000,0x00000000f1280000)
 ParOldGen       total 55296K, used 41632K [0x00000000c1400000, 0x00000000c4a00000, 0x00000000eb180000)
  object space 55296K, 75% used [0x00000000c1400000,0x00000000c3ca82b8,0x00000000c4a00000)
 Metaspace       used 10288K, capacity 10570K, committed 10880K, reserved 1058816K
  class space    used 1198K, capacity 1293K, committed 1408K, reserved 1048576K
Event: 11.742 GC heap after
Heap after GC invocations=38 (full 18):
 PSYoungGen      total 98816K, used 0K [0x00000000eb180000, 0x00000000f1500000, 0x0000000100000000)
  eden space 96768K, 0% used [0x00000000eb180000,0x00000000eb180000,0x00000000f1000000)
  from space 2048K, 0% used [0x00000000f1300000,0x00000000f1300000,0x00000000f1500000)
  to   space 2560K, 0% used [0x00000000f1000000,0x00000000f1000000,0x00000000f1280000)
 ParOldGen       total 55296K, used 22876K [0x00000000c1400000, 0x00000000c4a00000, 0x00000000eb180000)
  object space 55296K, 41% used [0x00000000c1400000,0x00000000c2a571c8,0x00000000c4a00000)
 Metaspace       used 10288K, capacity 10570K, committed 10880K, reserved 1058816K
  class space    used 1198K, capacity 1293K, committed 1408K, reserved 1048576K
}
Event: 12.521 GC heap before
{Heap before GC invocations=39 (full 18):
 PSYoungGen      total 98816K, used 95658K [0x00000000eb180000, 0x00000000f1500000, 0x0000000100000000)
  eden space 96768K, 98% used [0x00000000eb180000,0x00000000f0eea910,0x00000000f1000000)
  from space 2048K, 0% used [0x00000000f1300000,0x00000000f1300000,0x00000000f1500000)
  to   space 2560K, 0% used [0x00000000f1000000,0x00000000f1000000,0x00000000f1280000)
 ParOldGen       total 55296K, used 22876K [0x00000000c1400000, 0x00000000c4a00000, 0x00000000eb180000)
  object space 55296K, 41% used [0x00000000c1400000,0x00000000c2a571c8,0x00000000c4a00000)
 Metaspace       used 10293K, capacity 10570K, committed 10880K, reserved 1058816K
  class space    used 1198K, capacity 1293K, committed 1408K, reserved 1048576K
Event: 12.525 GC heap after
Heap after GC invocations=39 (full 18):
 PSYoungGen      total 99328K, used 160K [0x00000000eb180000, 0x00000000f1500000, 0x0000000100000000)
  eden space 96768K, 0% used [0x00000000eb180000,0x00000000eb180000,0x00000000f1000000)
  from space 2560K, 6% used [0x00000000f1000000,0x00000000f1028000,0x00000000f1280000)
  to   space 2048K, 0% used [0x00000000f1300000,0x00000000f1300000,0x00000000f1500000)
 ParOldGen       total 55296K, used 37876K [0x00000000c1400000, 0x00000000c4a00000, 0x00000000eb180000)
  object space 55296K, 68% used [0x00000000c1400000,0x00000000c38fd208,0x00000000c4a00000)
 Metaspace       used 10293K, capacity 10570K, committed 10880K, reserved 1058816K
  class space    used 1198K, capacity 1293K, committed 1408K, reserved 1048576K
}
Event: 12.525 GC heap before
{Heap before GC invocations=40 (full 19):
 PSYoungGen      total 99328K, used 160K [0x00000000eb180000, 0x00000000f1500000, 0x0000000100000000)
  eden space 96768K, 0% used [0x00000000eb180000,0x00000000eb180000,0x00000000f1000000)
  from space 2560K, 6% used [0x00000000f1000000,0x00000000f1028000,0x00000000f1280000)
  to   space 2048K, 0% used [0x00000000f1300000,0x00000000f1300000,0x00000000f1500000)
 ParOldGen       total 55296K, used 37876K [0x00000000c1400000, 0x00000000c4a00000, 0x00000000eb180000)
  object space 55296K, 68% used [0x00000000c1400000,0x00000000c38fd208,0x00000000c4a00000)
 Metaspace       used 10293K, capacity 10570K, committed 10880K, reserved 1058816K
  class space    used 1198K, capacity 1293K, committed 1408K, reserved 1048576K
Event: 12.534 GC heap after
Heap after GC invocations=40 (full 19):
 PSYoungGen      total 99328K, used 0K [0x00000000eb180000, 0x00000000f1500000, 0x0000000100000000)
  eden space 96768K, 0% used [0x00000000eb180000,0x00000000eb180000,0x00000000f1000000)
  from space 2560K, 0% used [0x00000000f1000000,0x00000000f1000000,0x00000000f1280000)
  to   space 2048K, 0% used [0x00000000f1300000,0x00000000f1300000,0x00000000f1500000)
 ParOldGen       total 55296K, used 22876K [0x00000000c1400000, 0x00000000c4a00000, 0x00000000eb180000)
  object space 55296K, 41% used [0x00000000c1400000,0x00000000c2a57280,0x00000000c4a00000)
 Metaspace       used 10293K, capacity 10570K, committed 10880K, reserved 1058816K
  class space    used 1198K, capacity 1293K, committed 1408K, reserved 1048576K
}
Event: 13.313 GC heap before
{Heap before GC invocations=41 (full 19):
 PSYoungGen      total 99328K, used 95662K [0x00000000eb180000, 0x00000000f1500000, 0x0000000100000000)
  eden space 96768K, 98% used [0x00000000eb180000,0x00000000f0eebb40,0x00000000f1000000)
  from space 2560K, 0% used [0x00000000f1000000,0x00000000f1000000,0x00000000f1280000)
  to   space 2048K, 0% used [0x00000000f1300000,0x00000000f1300000,0x00000000f1500000)
 ParOldGen       total 55296K, used 22876K [0x00000000c1400000, 0x00000000c4a00000, 0x00000000eb180000)
  object space 55296K, 41% used [0x00000000c1400000,0x00000000c2a57280,0x00000000c4a00000)
 Metaspace       used 10303K, capacity 10570K, committed 10880K, reserved 1058816K
  class space    used 1198K, capacity 1293K, committed 1408K, reserved 1048576K
Event: 13.317 GC heap after
Heap after GC invocations=41 (full 19):
 PSYoungGen      total 98816K, used 160K [0x00000000eb180000, 0x00000000f1500000, 0x0000000100000000)
  eden space 96768K, 0% used [0x00000000eb180000,0x00000000eb180000,0x00000000f1000000)
  from space 2048K, 7% used [0x00000000f1300000,0x00000000f1328000,0x00000000f1500000)
  to   space 2560K, 0% used [0x00000000f1000000,0x00000000f1000000,0x00000000f1280000)
 ParOldGen       total 55296K, used 37884K [0x00000000c1400000, 0x00000000c4a00000, 0x00000000eb180000)
  object space 55296K, 68% used [0x00000000c1400000,0x00000000c38ff2c0,0x00000000c4a00000)
 Metaspace       used 10303K, capacity 10570K, committed 10880K, reserved 1058816K
  class space    used 1198K, capacity 1293K, committed 1408K, reserved 1048576K
}
Event: 13.317 GC heap before
{Heap before GC invocations=42 (full 20):
 PSYoungGen      total 98816K, used 160K [0x00000000eb180000, 0x00000000f1500000, 0x0000000100000000)
  eden space 96768K, 0% used [0x00000000eb180000,0x00000000eb180000,0x00000000f1000000)
  from space 2048K, 7% used [0x00000000f1300000,0x00000000f1328000,0x00000000f1500000)
  to   space 2560K, 0% used [0x00000000f1000000,0x00000000f1000000,0x00000000f1280000)
 ParOldGen       total 55296K, used 37884K [0x00000000c1400000, 0x00000000c4a00000, 0x00000000eb180000)
  object space 55296K, 68% used [0x00000000c1400000,0x00000000c38ff2c0,0x00000000c4a00000)
 Metaspace       used 10303K, capacity 10570K, committed 10880K, reserved 1058816K
  class space    used 1198K, capacity 1293K, committed 1408K, reserved 1048576K
Event: 13.329 GC heap after
Heap after GC invocations=42 (full 20):
 PSYoungGen      total 98816K, used 0K [0x00000000eb180000, 0x00000000f1500000, 0x0000000100000000)
  eden space 96768K, 0% used [0x00000000eb180000,0x00000000eb180000,0x00000000f1000000)
  from space 2048K, 0% used [0x00000000f1300000,0x00000000f1300000,0x00000000f1500000)
  to   space 2560K, 0% used [0x00000000f1000000,0x00000000f1000000,0x00000000f1280000)
 ParOldGen       total 55296K, used 22877K [0x00000000c1400000, 0x00000000c4a00000, 0x00000000eb180000)
  object space 55296K, 41% used [0x00000000c1400000,0x00000000c2a577d0,0x00000000c4a00000)
 Metaspace       used 10303K, capacity 10570K, committed 10880K, reserved 1058816K
  class space    used 1198K, capacity 1293K, committed 1408K, reserved 1048576K
}

Deoptimization events (10 events):
Event: 0.579 Thread 0x0000000018302800 Uncommon trap: reason=unstable_if action=reinterpret pc=0x00000000032fe5d8 method=sun.awt.image.ImageRepresentation.getOpaqueRGBImage()Ljava/awt/image/BufferedImage; @ 57
Event: 0.581 Thread 0x0000000018302800 Uncommon trap: reason=unstable_if action=reinterpret pc=0x00000000032b7bb4 method=sun.awt.image.PNGImageDecoder.update_crc(I[BII)I @ 7
Event: 2.724 Thread 0x0000000018302800 Uncommon trap: reason=range_check action=make_not_entrant pc=0x0000000003326c5c method=java.awt.image.DirectColorModel.setFields()V @ 65
Event: 2.814 Thread 0x00000000185aa000 Uncommon trap: reason=unstable_if action=reinterpret pc=0x000000000337e7b8 method=sun.awt.image.ImageDecoder.nextConsumer(Lsun/awt/image/ImageConsumerQueue;)Lsun/awt/image/ImageConsumerQueue; @ 11
Event: 2.819 Thread 0x0000000018302800 Uncommon trap: reason=unstable_if action=reinterpret pc=0x0000000003320818 method=java.awt.image.ReplicateScaleFilter.setPixels(IIIILjava/awt/image/ColorModel;[III)V @ 4
Event: 4.422 Thread 0x0000000018761000 Uncommon trap: reason=class_check action=maybe_recompile pc=0x000000000341204c method=java.util.HashMap.getNode(ILjava/lang/Object;)Ljava/util/HashMap$Node; @ 126
Event: 4.423 Thread 0x0000000018761000 Uncommon trap: reason=class_check action=maybe_recompile pc=0x000000000341204c method=java.util.HashMap.getNode(ILjava/lang/Object;)Ljava/util/HashMap$Node; @ 126
Event: 4.928 Thread 0x0000000018761000 Uncommon trap: reason=class_check action=maybe_recompile pc=0x000000000341204c method=java.util.HashMap.getNode(ILjava/lang/Object;)Ljava/util/HashMap$Node; @ 126
Event: 4.928 Thread 0x0000000018761000 Uncommon trap: reason=class_check action=maybe_recompile pc=0x000000000341204c method=java.util.HashMap.getNode(ILjava/lang/Object;)Ljava/util/HashMap$Node; @ 126
Event: 4.929 Thread 0x0000000018761000 Uncommon trap: reason=class_check action=maybe_recompile pc=0x00000000033e0084 method=java.util.HashMap.getNode(ILjava/lang/Object;)Ljava/util/HashMap$Node; @ 126

Classes redefined (0 events):
No events

Internal exceptions (10 events):
Event: 0.233 Thread 0x0000000002f0e000 Exception <a 'java/security/PrivilegedActionException'> (0x00000000eb26a7f0) thrown at [C:\re\workspace\8-2-build-windows-amd64-cygwin\jdk8u202\12323\hotspot\src\share\vm\prims\jvm.cpp, line 1502]
Event: 0.235 Thread 0x0000000002f0e000 Exception <a 'java/security/PrivilegedActionException'> (0x00000000eb26de80) thrown at [C:\re\workspace\8-2-build-windows-amd64-cygwin\jdk8u202\12323\hotspot\src\share\vm\prims\jvm.cpp, line 1502]
Event: 0.235 Thread 0x0000000002f0e000 Exception <a 'java/security/PrivilegedActionException'> (0x00000000eb26e090) thrown at [C:\re\workspace\8-2-build-windows-amd64-cygwin\jdk8u202\12323\hotspot\src\share\vm\prims\jvm.cpp, line 1502]
Event: 0.245 Thread 0x0000000002f0e000 Exception <a 'java/io/FileNotFoundException'> (0x00000000eb270e90) thrown at [C:\re\workspace\8-2-build-windows-amd64-cygwin\jdk8u202\12323\hotspot\src\share\vm\prims\jni.cpp, line 710]
Event: 0.320 Thread 0x0000000002f0e000 Exception <a 'java/lang/NoSuchFieldError': method resolution failed> (0x00000000eb393528) thrown at [C:\re\workspace\8-2-build-windows-amd64-cygwin\jdk8u202\12323\hotspot\src\share\vm\prims\methodHandles.cpp, line 1167]
Event: 0.326 Thread 0x0000000002f0e000 Exception <a 'java/lang/NoSuchFieldError': method resolution failed> (0x00000000eb3a08f8) thrown at [C:\re\workspace\8-2-build-windows-amd64-cygwin\jdk8u202\12323\hotspot\src\share\vm\prims\methodHandles.cpp, line 1167]
Event: 0.387 Thread 0x0000000002f0e000 Exception <a 'java/io/FileNotFoundException'> (0x00000000eb438c80) thrown at [C:\re\workspace\8-2-build-windows-amd64-cygwin\jdk8u202\12323\hotspot\src\share\vm\prims\jni.cpp, line 710]
Event: 0.736 Thread 0x0000000002f0e000 Exception <a 'java/io/FileNotFoundException'> (0x00000000eb5ac410) thrown at [C:\re\workspace\8-2-build-windows-amd64-cygwin\jdk8u202\12323\hotspot\src\share\vm\prims\jni.cpp, line 710]
Event: 0.736 Thread 0x0000000002f0e000 Exception <a 'java/lang/NullPointerException'> (0x00000000eb5acab8) thrown at [C:\re\workspace\8-2-build-windows-amd64-cygwin\jdk8u202\12323\hotspot\src\share\vm\interpreter\linkResolver.cpp, line 1185]
Event: 2.819 Thread 0x0000000018302800 Implicit null exception at 0x00000000033200cd to 0x0000000003320805

Events (10 events):
Event: 10.139 Executing VM operation: ParallelGCFailedAllocation
Event: 10.153 Executing VM operation: ParallelGCFailedAllocation done
Event: 10.933 Executing VM operation: ParallelGCFailedAllocation
Event: 10.951 Executing VM operation: ParallelGCFailedAllocation done
Event: 11.726 Executing VM operation: ParallelGCFailedAllocation
Event: 11.742 Executing VM operation: ParallelGCFailedAllocation done
Event: 12.521 Executing VM operation: ParallelGCFailedAllocation
Event: 12.534 Executing VM operation: ParallelGCFailedAllocation done
Event: 13.313 Executing VM operation: ParallelGCFailedAllocation
Event: 13.329 Executing VM operation: ParallelGCFailedAllocation done


Dynamic libraries:
0x00007ff7b36d0000 - 0x00007ff7b3707000 	C:\Program Files\JavaFile\bin\javaw.exe
0x00007fff8a1d0000 - 0x00007fff8a3c4000 	C:\WINDOWS\SYSTEM32\ntdll.dll
0x00007fff8a0d0000 - 0x00007fff8a18d000 	C:\WINDOWS\System32\KERNEL32.DLL
0x00007fff87b80000 - 0x00007fff87e47000 	C:\WINDOWS\System32\KERNELBASE.dll
0x00007fff89c80000 - 0x00007fff89d2a000 	C:\WINDOWS\System32\ADVAPI32.dll
0x00007fff89d40000 - 0x00007fff89dde000 	C:\WINDOWS\System32\msvcrt.dll
0x00007fff89a00000 - 0x00007fff89a9b000 	C:\WINDOWS\System32\sechost.dll
0x00007fff88980000 - 0x00007fff88aa3000 	C:\WINDOWS\System32\RPCRT4.dll
0x00007fff89ec0000 - 0x00007fff8a060000 	C:\WINDOWS\System32\USER32.dll
0x00007fff880a0000 - 0x00007fff880c2000 	C:\WINDOWS\System32\win32u.dll
0x00007fff893a0000 - 0x00007fff893ca000 	C:\WINDOWS\System32\GDI32.dll
0x00007fff88130000 - 0x00007fff8823a000 	C:\WINDOWS\System32\gdi32full.dll
0x00007fff87e50000 - 0x00007fff87eed000 	C:\WINDOWS\System32\msvcp_win.dll
0x00007fff87a80000 - 0x00007fff87b80000 	C:\WINDOWS\System32\ucrtbase.dll
0x00007fff78700000 - 0x00007fff7899a000 	C:\WINDOWS\WinSxS\amd64_microsoft.windows.common-controls_6595b64144ccf1df_6.0.19041.1_none_b555e41d4684ddec\COMCTL32.dll
0x00007fff88ec0000 - 0x00007fff88ef0000 	C:\WINDOWS\System32\IMM32.DLL
0x0000000068bc0000 - 0x0000000068c92000 	C:\Program Files\JavaFile\bin\msvcr100.dll
0x0000000067c70000 - 0x0000000068515000 	C:\Program Files\JavaFile\bin\server\jvm.dll
0x00007fff89d30000 - 0x00007fff89d38000 	C:\WINDOWS\System32\PSAPI.DLL
0x00007fff729d0000 - 0x00007fff729d9000 	C:\WINDOWS\SYSTEM32\WSOCK32.dll
0x00007fff89230000 - 0x00007fff8929b000 	C:\WINDOWS\System32\WS2_32.dll
0x00007fff7aab0000 - 0x00007fff7aad7000 	C:\WINDOWS\SYSTEM32\WINMM.dll
0x00007fff83370000 - 0x00007fff8337a000 	C:\WINDOWS\SYSTEM32\VERSION.dll
0x00007fff82f20000 - 0x00007fff82f2f000 	C:\Program Files\JavaFile\bin\verify.dll
0x00007fff77760000 - 0x00007fff77789000 	C:\Program Files\JavaFile\bin\java.dll
0x00007fff82f00000 - 0x00007fff82f16000 	C:\Program Files\JavaFile\bin\zip.dll
0x00007fff88240000 - 0x00007fff88974000 	C:\WINDOWS\System32\SHELL32.dll
0x00007fff85ab0000 - 0x00007fff8623e000 	C:\WINDOWS\SYSTEM32\windows.storage.dll
0x00007fff88ab0000 - 0x00007fff88e03000 	C:\WINDOWS\System32\combase.dll
0x00007fff872d0000 - 0x00007fff872fb000 	C:\WINDOWS\SYSTEM32\Wldp.dll
0x00007fff89bd0000 - 0x00007fff89c7e000 	C:\WINDOWS\System32\SHCORE.dll
0x00007fff8a060000 - 0x00007fff8a0b5000 	C:\WINDOWS\System32\shlwapi.dll
0x00007fff87860000 - 0x00007fff8787f000 	C:\WINDOWS\SYSTEM32\profapi.dll
0x00007fff4b510000 - 0x00007fff4b6a9000 	C:\Program Files\JavaFile\bin\awt.dll
0x00007fff89aa0000 - 0x00007fff89b6d000 	C:\WINDOWS\System32\OLEAUT32.dll
0x00007fff85320000 - 0x00007fff853b0000 	C:\WINDOWS\SYSTEM32\apphelp.dll
0x00007fff857c0000 - 0x00007fff857ee000 	C:\WINDOWS\system32\DWMAPI.DLL
0x00007fff854e0000 - 0x00007fff8557f000 	C:\WINDOWS\system32\uxtheme.dll
0x00007fff7d5a0000 - 0x00007fff7d6fc000 	C:\WINDOWS\system32\opengl32.dll
0x00007fff83710000 - 0x00007fff8373c000 	C:\WINDOWS\SYSTEM32\GLU32.dll
0x00007fff89110000 - 0x00007fff89225000 	C:\WINDOWS\System32\MSCTF.dll
0x00007fff893d0000 - 0x00007fff894f9000 	C:\WINDOWS\System32\ole32.dll
0x00007fff857a0000 - 0x00007fff857b3000 	C:\WINDOWS\SYSTEM32\kernel.appcore.dll
0x00007fff879d0000 - 0x00007fff87a4f000 	C:\WINDOWS\System32\bcryptPrimitives.dll
0x00007fff6fe90000 - 0x00007fff6fed7000 	C:\Program Files\JavaFile\bin\fontmanager.dll
0x00007fff7fef0000 - 0x00007fff7ffec000 	C:\WINDOWS\SYSTEM32\textinputframework.dll
0x00007fff84a30000 - 0x00007fff84d8a000 	C:\WINDOWS\System32\CoreUIComponents.dll
0x00007fff84d90000 - 0x00007fff84e82000 	C:\WINDOWS\System32\CoreMessaging.dll
0x00007fff86690000 - 0x00007fff866c3000 	C:\WINDOWS\SYSTEM32\ntmarta.dll
0x00007fff83800000 - 0x00007fff83956000 	C:\WINDOWS\SYSTEM32\wintypes.dll
0x00007fff77740000 - 0x00007fff7775a000 	C:\Program Files\JavaFile\bin\net.dll
0x00007fff789a0000 - 0x00007fff78b8d000 	C:\WINDOWS\SYSTEM32\urlmon.dll
0x00007fff7bf90000 - 0x00007fff7c23e000 	C:\WINDOWS\SYSTEM32\iertutil.dll
0x00007fff87050000 - 0x00007fff870ba000 	C:\WINDOWS\system32\mswsock.dll
0x00007fff6f170000 - 0x00007fff6f182000 	C:\Program Files\JavaFile\bin\nio.dll
0x00007fff6f700000 - 0x00007fff6f742000 	C:\Program Files\JavaFile\bin\t2k.dll
0x00007fff88e10000 - 0x00007fff88eb8000 	C:\WINDOWS\System32\clbcatq.dll
0x00007fff7cd50000 - 0x00007fff7ce21000 	C:\Windows\System32\IME\IMEKR\imkrtip.dll
0x00007fff835a0000 - 0x00007fff83695000 	C:\WINDOWS\SYSTEM32\PROPSYS.dll
0x00007fff7cc00000 - 0x00007fff7cd42000 	C:\Windows\System32\IME\shared\imetip.dll
0x00007fff79ca0000 - 0x00007fff79d06000 	C:\WINDOWS\SYSTEM32\OLEACC.dll
0x00007fff7ca50000 - 0x00007fff7cbfe000 	C:\WINDOWS\SYSTEM32\DUI70.dll
0x00007fff7ca10000 - 0x00007fff7ca50000 	C:\Windows\System32\IME\IMEKR\imkrapi.dll
0x00007fff829f0000 - 0x00007fff82a83000 	C:\WINDOWS\SYSTEM32\policymanager.dll
0x00007fff86aa0000 - 0x00007fff86b2a000 	C:\WINDOWS\SYSTEM32\msvcp110_win.dll
0x00007fff7c9d0000 - 0x00007fff7ca0e000 	C:\Windows\System32\IME\shared\imjkapi.dll

VM Arguments:
jvm_args: -Dfile.encoding=MS949 
java_command: com.escapooh.prol.TestRun
java_class_path (initial): C:\Program Files\JavaFile\lib\resources.jar;C:\Program Files\JavaFile\lib\rt.jar;C:\Program Files\JavaFile\lib\jsse.jar;C:\Program Files\JavaFile\lib\jce.jar;C:\Program Files\JavaFile\lib\charsets.jar;C:\Program Files\JavaFile\lib\jfr.jar;C:\Program Files\JavaFile\lib\ext\access-bridge-64.jar;C:\Program Files\JavaFile\lib\ext\cldrdata.jar;C:\Program Files\JavaFile\lib\ext\dnsns.jar;C:\Program Files\JavaFile\lib\ext\dns_sd.jar;C:\Program Files\JavaFile\lib\ext\jaccess.jar;C:\Program Files\JavaFile\lib\ext\jfxrt.jar;C:\Program Files\JavaFile\lib\ext\localedata.jar;C:\Program Files\JavaFile\lib\ext\nashorn.jar;C:\Program Files\JavaFile\lib\ext\sunec.jar;C:\Program Files\JavaFile\lib\ext\sunjce_provider.jar;C:\Program Files\JavaFile\lib\ext\sunmscapi.jar;C:\Program Files\JavaFile\lib\ext\sunpkcs11.jar;C:\Program Files\JavaFile\lib\ext\zipfs.jar;C:\Users\상아\git\team4_escaPooh_02\bin
Launcher Type: SUN_STANDARD

Environment Variables:
PATH=C:/Program Files/JavaFile/bin/server;C:/Program Files/JavaFile/bin;C:/Program Files/JavaFile/lib/amd64;C:\Program Files\JavaFile\bin;;%SystemRoot%\system32;%SystemRoot%;%SystemRoot%\System32\Wbem;%SYSTEMROOT%\System32\WindowsPowerShell\v1.0\;%SYSTEMROOT%\System32\OpenSSH\;C:\Users\상아\AppData\Local\Microsoft\WindowsApps;;C:\Program Files\eclipse-jee-oxygen-3a-win32-x86_64\eclipse;
USERNAME=상아
OS=Windows_NT
PROCESSOR_IDENTIFIER=Intel64 Family 6 Model 61 Stepping 4, GenuineIntel



---------------  S Y S T E M  ---------------

OS: Windows 10.0 , 64 bit Build 19041 (10.0.19041.292)

CPU:total 4 (initial active 4) (2 cores per cpu, 2 threads per core) family 6 model 61 stepping 4, cmov, cx8, fxsr, mmx, sse, sse2, sse3, ssse3, sse4.1, sse4.2, popcnt, avx, avx2, aes, clmul, erms, 3dnowpref, lzcnt, ht, tsc, tscinvbit, bmi1, bmi2, adx

Memory: 4k page, physical 4107684k(134624k free), swap 4107684k(5452k free)

vm_info: Java HotSpot(TM) 64-Bit Server VM (25.202-b08) for windows-amd64 JRE (1.8.0_202-b08), built on Dec 15 2018 19:54:30 by "java_re" with MS VC++ 10.0 (VS2010)

time: Wed Jun 24 18:20:07 2020
timezone: 대한민국 표준시
elapsed time: 13 seconds (0d 0h 0m 13s)

