#
# There is insufficient memory for the Java Runtime Environment to continue.
# Native memory allocation (malloc) failed to allocate 131088 bytes for Chunk::new
# Possible reasons:
#   The system is out of physical RAM or swap space
#   The process is running with CompressedOops enabled, and the Java Heap may be blocking the growth of the native heap
# Possible solutions:
#   Reduce memory load on the system
#   Increase physical memory or swap space
#   Check if swap backing store is full
#   Decrease Java heap size (-Xmx/-Xms)
#   Decrease number of Java threads
#   Decrease Java thread stack sizes (-Xss)
#   Set larger code cache with -XX:ReservedCodeCacheSize=
#   JVM is running with Unscaled Compressed Oops mode in which the Java heap is
#     placed in the first 4GB address space. The Java Heap base address is the
#     maximum limit for the native heap growth. Please use -XX:HeapBaseMinAddress
#     to set the Java Heap base and to place the Java Heap above 4GB virtual address.
# This output file may be truncated or incomplete.
#
#  Out of Memory Error (allocation.cpp:389), pid=2552, tid=0x0000000000001e9c
#
# JRE version: Java(TM) SE Runtime Environment (8.0_202-b08) (build 1.8.0_202-b08)
# Java VM: Java HotSpot(TM) 64-Bit Server VM (25.202-b08 mixed mode windows-amd64 compressed oops)
# Failed to write core dump. Minidumps are not enabled by default on client versions of Windows
#

---------------  T H R E A D  ---------------

Current thread (0x0000000015c4f800):  JavaThread "C2 CompilerThread1" daemon [_thread_in_native, id=7836, stack(0x0000000017680000,0x0000000017780000)]

Stack: [0x0000000017680000,0x0000000017780000]
[error occurred during error reporting (printing stack bounds), id 0xc0000005]

Native frames: (J=compiled Java code, j=interpreted, Vv=VM code, C=native code)


Current CompileTask:
C2:  20009 1308   !   4       sun.java2d.SunGraphics2D::drawImage (145 bytes)


---------------  P R O C E S S  ---------------

Java Threads: ( => current thread )
  0x0000000017229000 JavaThread "Thread-2" [_thread_blocked, id=5336, stack(0x000000001b4f0000,0x000000001b5f0000)]
  0x000000001a11c000 JavaThread "TimerQueue" daemon [_thread_blocked, id=8036, stack(0x000000001a9a0000,0x000000001aaa0000)]
  0x000000000183e000 JavaThread "DestroyJavaVM" [_thread_blocked, id=5244, stack(0x0000000003000000,0x0000000003100000)]
  0x0000000017371800 JavaThread "AWT-EventQueue-0" [_thread_in_native, id=3508, stack(0x0000000019050000,0x0000000019150000)]
  0x0000000017308800 JavaThread "AWT-Windows" daemon [_thread_in_native, id=6476, stack(0x0000000017d60000,0x0000000017e60000)]
  0x0000000017306000 JavaThread "AWT-Shutdown" [_thread_blocked, id=9648, stack(0x0000000017c60000,0x0000000017d60000)]
  0x0000000017303000 JavaThread "Java2D Disposer" daemon [_thread_blocked, id=6920, stack(0x0000000017b60000,0x0000000017c60000)]
  0x0000000015c89000 JavaThread "Service Thread" daemon [_thread_blocked, id=4596, stack(0x0000000017880000,0x0000000017980000)]
  0x0000000015c54800 JavaThread "C1 CompilerThread2" daemon [_thread_blocked, id=8164, stack(0x0000000017780000,0x0000000017880000)]
=>0x0000000015c4f800 JavaThread "C2 CompilerThread1" daemon [_thread_in_native, id=7836, stack(0x0000000017680000,0x0000000017780000)]
  0x0000000016fc3800 JavaThread "C2 CompilerThread0" daemon [_thread_in_native, id=7644, stack(0x0000000017580000,0x0000000017680000)]
  0x0000000016fc2800 JavaThread "Attach Listener" daemon [_thread_blocked, id=5040, stack(0x0000000017480000,0x0000000017580000)]
  0x0000000015c27000 JavaThread "Signal Dispatcher" daemon [_thread_blocked, id=8536, stack(0x0000000017380000,0x0000000017480000)]
  0x0000000015c1a800 JavaThread "Finalizer" daemon [_thread_blocked, id=2488, stack(0x0000000016e80000,0x0000000016f80000)]
  0x0000000015bf9000 JavaThread "Reference Handler" daemon [_thread_blocked, id=3452, stack(0x0000000016d80000,0x0000000016e80000)]

Other Threads:
  0x0000000015bf7000 VMThread [stack: 0x0000000016c80000,0x0000000016d80000] [id=8632]
  0x0000000015c8e800 WatcherThread [stack: 0x0000000017980000,0x0000000017a80000] [id=8552]

VM state:not at safepoint (normal execution)

VM Mutex/Monitor currently owned by a thread: None

heap address: 0x00000000c1400000, size: 1004 MB, Compressed Oops mode: 32-bit
Narrow klass base: 0x0000000000000000, Narrow klass shift: 3
Compressed class space size: 1073741824 Address: 0x0000000100000000

Heap:
 PSYoungGen      total 185856K, used 157499K [0x00000000eb180000, 0x00000000f6a00000, 0x0000000100000000)
  eden space 182784K, 86% used [0x00000000eb180000,0x00000000f4b2ed70,0x00000000f6400000)
  from space 3072K, 4% used [0x00000000f6400000,0x00000000f6420000,0x00000000f6700000)
  to   space 512K, 0% used [0x00000000f6980000,0x00000000f6980000,0x00000000f6a00000)
 ParOldGen       total 113664K, used 67573K [0x00000000c1400000, 0x00000000c8300000, 0x00000000eb180000)
  object space 113664K, 59% used [0x00000000c1400000,0x00000000c55fd438,0x00000000c8300000)
 Metaspace       used 11731K, capacity 11952K, committed 12160K, reserved 1060864K
  class space    used 1482K, capacity 1584K, committed 1664K, reserved 1048576K

Card table byte_map: [0x00000000129e0000,0x0000000012be0000] byte_map_base: 0x00000000123d6000

Marking Bits: (ParMarkBitMap*) 0x000000005d715ce0
 Begin Bits: [0x0000000013130000, 0x00000000140e0000)
 End Bits:   [0x00000000140e0000, 0x0000000015090000)

Polling page: 0x0000000001740000

CodeCache: size=245760Kb used=4923Kb max_used=5128Kb free=240836Kb
 bounds [0x0000000003620000, 0x0000000003b30000, 0x0000000012620000]
 total_blobs=1773 nmethods=1282 adapters=403
 compilation: enabled

Compilation events (10 events):
Event: 19.932 Thread 0x0000000015c54800 nmethod 1310 0x0000000003859250 code [0x00000000038593e0, 0x00000000038599b8]
Event: 19.950 Thread 0x0000000016fc3800 1311       4       sun.java2d.pipe.DrawImage::copyImage (60 bytes)
Event: 19.989 Thread 0x0000000015c54800 1312   !   3       javax.swing.RepaintManager::endPaint (72 bytes)
Event: 19.990 Thread 0x0000000015c54800 nmethod 1312 0x00000000037f7c50 code [0x00000000037f7de0, 0x00000000037f8648]
Event: 19.992 Thread 0x0000000015c54800 1314   !   3       javax.swing.RepaintManager::beginPaint (81 bytes)
Event: 19.993 Thread 0x0000000015c54800 nmethod 1314 0x0000000003841e90 code [0x0000000003842020, 0x00000000038424e8]
Event: 19.993 Thread 0x0000000015c54800 1316       3       java.awt.image.VolatileImage::getGraphics (5 bytes)
Event: 19.994 Thread 0x0000000015c54800 nmethod 1316 0x00000000037f5050 code [0x00000000037f51c0, 0x00000000037f53c8]
Event: 19.994 Thread 0x0000000015c54800 1315       3       javax.swing.RepaintManager::paint (93 bytes)
Event: 19.996 Thread 0x0000000015c54800 nmethod 1315 0x0000000003800ed0 code [0x00000000038010a0, 0x00000000038019b8]

GC Heap History (10 events):
Event: 15.126 GC heap before
{Heap before GC invocations=18 (full 4):
 PSYoungGen      total 118272K, used 114998K [0x00000000eb180000, 0x00000000f4500000, 0x0000000100000000)
  eden space 115200K, 99% used [0x00000000eb180000,0x00000000f21a5b30,0x00000000f2200000)
  from space 3072K, 5% used [0x00000000f2200000,0x00000000f2228000,0x00000000f2500000)
  to   space 3072K, 0% used [0x00000000f4200000,0x00000000f4200000,0x00000000f4500000)
 ParOldGen       total 102400K, used 78751K [0x00000000c1400000, 0x00000000c7800000, 0x00000000eb180000)
  object space 102400K, 76% used [0x00000000c1400000,0x00000000c60e7cd8,0x00000000c7800000)
 Metaspace       used 11645K, capacity 11888K, committed 12160K, reserved 1060864K
  class space    used 1482K, capacity 1584K, committed 1664K, reserved 1048576K
Event: 15.135 GC heap after
Heap after GC invocations=18 (full 4):
 PSYoungGen      total 147968K, used 160K [0x00000000eb180000, 0x00000000f4500000, 0x0000000100000000)
  eden space 144896K, 0% used [0x00000000eb180000,0x00000000eb180000,0x00000000f3f00000)
  from space 3072K, 5% used [0x00000000f4200000,0x00000000f4228000,0x00000000f4500000)
  to   space 3072K, 0% used [0x00000000f3f00000,0x00000000f3f00000,0x00000000f4200000)
 ParOldGen       total 102400K, used 90009K [0x00000000c1400000, 0x00000000c7800000, 0x00000000eb180000)
  object space 102400K, 87% used [0x00000000c1400000,0x00000000c6be6508,0x00000000c7800000)
 Metaspace       used 11645K, capacity 11888K, committed 12160K, reserved 1060864K
  class space    used 1482K, capacity 1584K, committed 1664K, reserved 1048576K
}
Event: 15.135 GC heap before
{Heap before GC invocations=19 (full 5):
 PSYoungGen      total 147968K, used 160K [0x00000000eb180000, 0x00000000f4500000, 0x0000000100000000)
  eden space 144896K, 0% used [0x00000000eb180000,0x00000000eb180000,0x00000000f3f00000)
  from space 3072K, 5% used [0x00000000f4200000,0x00000000f4228000,0x00000000f4500000)
  to   space 3072K, 0% used [0x00000000f3f00000,0x00000000f3f00000,0x00000000f4200000)
 ParOldGen       total 102400K, used 90009K [0x00000000c1400000, 0x00000000c7800000, 0x00000000eb180000)
  object space 102400K, 87% used [0x00000000c1400000,0x00000000c6be6508,0x00000000c7800000)
 Metaspace       used 11645K, capacity 11888K, committed 12160K, reserved 1060864K
  class space    used 1482K, capacity 1584K, committed 1664K, reserved 1048576K
Event: 15.148 GC heap after
Heap after GC invocations=19 (full 5):
 PSYoungGen      total 147968K, used 0K [0x00000000eb180000, 0x00000000f4500000, 0x0000000100000000)
  eden space 144896K, 0% used [0x00000000eb180000,0x00000000eb180000,0x00000000f3f00000)
  from space 3072K, 0% used [0x00000000f4200000,0x00000000f4200000,0x00000000f4500000)
  to   space 3072K, 0% used [0x00000000f3f00000,0x00000000f3f00000,0x00000000f4200000)
 ParOldGen       total 113664K, used 26298K [0x00000000c1400000, 0x00000000c8300000, 0x00000000eb180000)
  object space 113664K, 23% used [0x00000000c1400000,0x00000000c2daeb88,0x00000000c8300000)
 Metaspace       used 11645K, capacity 11888K, committed 12160K, reserved 1060864K
  class space    used 1482K, capacity 1584K, committed 1664K, reserved 1048576K
}
Event: 15.873 GC heap before
{Heap before GC invocations=20 (full 5):
 PSYoungGen      total 147968K, used 141658K [0x00000000eb180000, 0x00000000f4500000, 0x0000000100000000)
  eden space 144896K, 97% used [0x00000000eb180000,0x00000000f3bd6b18,0x00000000f3f00000)
  from space 3072K, 0% used [0x00000000f4200000,0x00000000f4200000,0x00000000f4500000)
  to   space 3072K, 0% used [0x00000000f3f00000,0x00000000f3f00000,0x00000000f4200000)
 ParOldGen       total 113664K, used 26298K [0x00000000c1400000, 0x00000000c8300000, 0x00000000eb180000)
  object space 113664K, 23% used [0x00000000c1400000,0x00000000c2daeb88,0x00000000c8300000)
 Metaspace       used 11681K, capacity 11952K, committed 12160K, reserved 1060864K
  class space    used 1482K, capacity 1584K, committed 1664K, reserved 1048576K
Event: 15.884 GC heap after
Heap after GC invocations=20 (full 5):
 PSYoungGen      total 147968K, used 160K [0x00000000eb180000, 0x00000000f6c80000, 0x0000000100000000)
  eden space 144896K, 0% used [0x00000000eb180000,0x00000000eb180000,0x00000000f3f00000)
  from space 3072K, 5% used [0x00000000f3f00000,0x00000000f3f28000,0x00000000f4200000)
  to   space 3072K, 0% used [0x00000000f6980000,0x00000000f6980000,0x00000000f6c80000)
 ParOldGen       total 113664K, used 45056K [0x00000000c1400000, 0x00000000c8300000, 0x00000000eb180000)
  object space 113664K, 39% used [0x00000000c1400000,0x00000000c40003d8,0x00000000c8300000)
 Metaspace       used 11681K, capacity 11952K, committed 12160K, reserved 1060864K
  class space    used 1482K, capacity 1584K, committed 1664K, reserved 1048576K
}
Event: 16.458 GC heap before
{Heap before GC invocations=21 (full 5):
 PSYoungGen      total 147968K, used 141802K [0x00000000eb180000, 0x00000000f6c80000, 0x0000000100000000)
  eden space 144896K, 97% used [0x00000000eb180000,0x00000000f3bd2af8,0x00000000f3f00000)
  from space 3072K, 5% used [0x00000000f3f00000,0x00000000f3f28000,0x00000000f4200000)
  to   space 3072K, 0% used [0x00000000f6980000,0x00000000f6980000,0x00000000f6c80000)
 ParOldGen       total 113664K, used 45056K [0x00000000c1400000, 0x00000000c8300000, 0x00000000eb180000)
  object space 113664K, 39% used [0x00000000c1400000,0x00000000c40003d8,0x00000000c8300000)
 Metaspace       used 11710K, capacity 11952K, committed 12160K, reserved 1060864K
  class space    used 1482K, capacity 1584K, committed 1664K, reserved 1048576K
Event: 16.464 GC heap after
Heap after GC invocations=21 (full 5):
 PSYoungGen      total 183296K, used 160K [0x00000000eb180000, 0x00000000f6a00000, 0x0000000100000000)
  eden space 182784K, 0% used [0x00000000eb180000,0x00000000eb180000,0x00000000f6400000)
  from space 512K, 31% used [0x00000000f6980000,0x00000000f69a8000,0x00000000f6a00000)
  to   space 3072K, 0% used [0x00000000f6400000,0x00000000f6400000,0x00000000f6700000)
 ParOldGen       total 113664K, used 56315K [0x00000000c1400000, 0x00000000c8300000, 0x00000000eb180000)
  object space 113664K, 49% used [0x00000000c1400000,0x00000000c4afec08,0x00000000c8300000)
 Metaspace       used 11710K, capacity 11952K, committed 12160K, reserved 1060864K
  class space    used 1482K, capacity 1584K, committed 1664K, reserved 1048576K
}
Event: 17.940 GC heap before
{Heap before GC invocations=22 (full 5):
 PSYoungGen      total 183296K, used 180050K [0x00000000eb180000, 0x00000000f6a00000, 0x0000000100000000)
  eden space 182784K, 98% used [0x00000000eb180000,0x00000000f612c810,0x00000000f6400000)
  from space 512K, 31% used [0x00000000f6980000,0x00000000f69a8000,0x00000000f6a00000)
  to   space 3072K, 0% used [0x00000000f6400000,0x00000000f6400000,0x00000000f6700000)
 ParOldGen       total 113664K, used 56315K [0x00000000c1400000, 0x00000000c8300000, 0x00000000eb180000)
  object space 113664K, 49% used [0x00000000c1400000,0x00000000c4afec08,0x00000000c8300000)
 Metaspace       used 11725K, capacity 11952K, committed 12160K, reserved 1060864K
  class space    used 1482K, capacity 1584K, committed 1664K, reserved 1048576K
Event: 18.015 GC heap after
Heap after GC invocations=22 (full 5):
 PSYoungGen      total 185856K, used 128K [0x00000000eb180000, 0x00000000f6a00000, 0x0000000100000000)
  eden space 182784K, 0% used [0x00000000eb180000,0x00000000eb180000,0x00000000f6400000)
  from space 3072K, 4% used [0x00000000f6400000,0x00000000f6420000,0x00000000f6700000)
  to   space 512K, 0% used [0x00000000f6980000,0x00000000f6980000,0x00000000f6a00000)
 ParOldGen       total 113664K, used 67573K [0x00000000c1400000, 0x00000000c8300000, 0x00000000eb180000)
  object space 113664K, 59% used [0x00000000c1400000,0x00000000c55fd438,0x00000000c8300000)
 Metaspace       used 11725K, capacity 11952K, committed 12160K, reserved 1060864K
  class space    used 1482K, capacity 1584K, committed 1664K, reserved 1048576K
}

Deoptimization events (10 events):
Event: 0.959 Thread 0x0000000018792800 Uncommon trap: reason=unstable_if action=reinterpret pc=0x00000000037f5198 method=sun.awt.image.ImageRepresentation.getOpaqueRGBImage()Ljava/awt/image/BufferedImage; @ 57
Event: 0.996 Thread 0x0000000018792800 Uncommon trap: reason=unstable_if action=reinterpret pc=0x0000000003829218 method=sun.awt.image.ImageRepresentation.getOpaqueRGBImage()Ljava/awt/image/BufferedImage; @ 71
Event: 3.529 Thread 0x0000000017371800 Uncommon trap: reason=class_check action=maybe_recompile pc=0x0000000003794a60 method=java.lang.String.equals(Ljava/lang/Object;)Z @ 8
Event: 3.529 Thread 0x0000000017371800 Uncommon trap: reason=class_check action=maybe_recompile pc=0x0000000003794a60 method=java.lang.String.equals(Ljava/lang/Object;)Z @ 8
Event: 3.636 Thread 0x0000000017371800 Uncommon trap: reason=class_check action=maybe_recompile pc=0x0000000003794a60 method=java.lang.String.equals(Ljava/lang/Object;)Z @ 8
Event: 3.636 Thread 0x0000000017371800 Uncommon trap: reason=class_check action=maybe_recompile pc=0x0000000003794a60 method=java.lang.String.equals(Ljava/lang/Object;)Z @ 8
Event: 5.587 Thread 0x0000000018792800 Uncommon trap: reason=unstable_if action=reinterpret pc=0x00000000037f77a0 method=sun.awt.image.PNGImageDecoder.filterRow([B[BIII)V @ 221
Event: 10.052 Thread 0x0000000018792800 Uncommon trap: reason=unstable_if action=reinterpret pc=0x00000000039107bc method=java.awt.image.ReplicateScaleFilter.setPixels(IIIILjava/awt/image/ColorModel;[III)V @ 4
Event: 10.109 Thread 0x0000000018792800 Uncommon trap: reason=range_check action=make_not_entrant pc=0x0000000003939a68 method=java.awt.image.DirectColorModel.setFields()V @ 65
Event: 12.154 Thread 0x0000000018792800 Uncommon trap: reason=unstable_if action=reinterpret pc=0x0000000003824a18 method=java.awt.image.ReplicateScaleFilter.setPixels(IIIILjava/awt/image/ColorModel;[III)V @ 4

Classes redefined (0 events):
No events

Internal exceptions (10 events):
Event: 0.566 Thread 0x000000000183e000 Exception <a 'java/io/FileNotFoundException'> (0x00000000eb271350) thrown at [C:\re\workspace\8-2-build-windows-amd64-cygwin\jdk8u202\12323\hotspot\src\share\vm\prims\jni.cpp, line 710]
Event: 0.613 Thread 0x000000000183e000 Exception <a 'java/lang/NoSuchFieldError': method resolution failed> (0x00000000eb393b78) thrown at [C:\re\workspace\8-2-build-windows-amd64-cygwin\jdk8u202\12323\hotspot\src\share\vm\prims\methodHandles.cpp, line 1167]
Event: 0.615 Thread 0x000000000183e000 Exception <a 'java/lang/NoSuchFieldError': method resolution failed> (0x00000000eb3a0f48) thrown at [C:\re\workspace\8-2-build-windows-amd64-cygwin\jdk8u202\12323\hotspot\src\share\vm\prims\methodHandles.cpp, line 1167]
Event: 0.678 Thread 0x000000000183e000 Exception <a 'java/io/FileNotFoundException'> (0x00000000eb4392f8) thrown at [C:\re\workspace\8-2-build-windows-amd64-cygwin\jdk8u202\12323\hotspot\src\share\vm\prims\jni.cpp, line 710]
Event: 1.099 Thread 0x000000000183e000 Exception <a 'java/io/FileNotFoundException'> (0x00000000eb630168) thrown at [C:\re\workspace\8-2-build-windows-amd64-cygwin\jdk8u202\12323\hotspot\src\share\vm\prims\jni.cpp, line 710]
Event: 1.099 Thread 0x000000000183e000 Exception <a 'java/lang/NullPointerException'> (0x00000000eb630810) thrown at [C:\re\workspace\8-2-build-windows-amd64-cygwin\jdk8u202\12323\hotspot\src\share\vm\interpreter\linkResolver.cpp, line 1185]
Event: 5.587 Thread 0x0000000018792800 Implicit null exception at 0x00000000037f72e4 to 0x00000000037f7789
Event: 10.052 Thread 0x0000000018792800 Implicit null exception at 0x00000000039138a1 to 0x00000000039106b5
Event: 12.128 Thread 0x00000000196c5800 Exception <a 'java/io/FileNotFoundException'> (0x00000000eb856458) thrown at [C:\re\workspace\8-2-build-windows-amd64-cygwin\jdk8u202\12323\hotspot\src\share\vm\prims\jni.cpp, line 710]
Event: 12.154 Thread 0x0000000018792800 Implicit null exception at 0x00000000038242cd to 0x0000000003824a05

Events (10 events):
Event: 19.053 Thread 0x0000000016fc3800 flushing nmethod 0x00000000037f7ad0
Event: 19.053 Thread 0x0000000016fc3800 flushing nmethod 0x0000000003800890
Event: 19.053 Thread 0x0000000016fc3800 flushing nmethod 0x0000000003803050
Event: 19.053 Thread 0x0000000016fc3800 flushing nmethod 0x0000000003813510
Event: 19.053 Thread 0x0000000016fc3800 flushing nmethod 0x0000000003822090
Event: 19.053 Thread 0x0000000016fc3800 flushing nmethod 0x0000000003828790
Event: 19.717 Thread 0x0000000015c54800 flushing nmethod 0x0000000003841790
Event: 19.717 Thread 0x0000000015c54800 flushing nmethod 0x0000000003841f10
Event: 19.717 Thread 0x0000000015c54800 flushing nmethod 0x00000000038537d0
Event: 19.717 Thread 0x0000000015c54800 flushing nmethod 0x0000000003859150


Dynamic libraries:
0x00007ff7240b0000 - 0x00007ff7240e7000 	C:\Program Files\JavaFile\bin\javaw.exe
0x00007ffa89290000 - 0x00007ffa89484000 	C:\WINDOWS\SYSTEM32\ntdll.dll
0x00007ffa887e0000 - 0x00007ffa8889d000 	C:\WINDOWS\System32\KERNEL32.DLL
0x00007ffa86ca0000 - 0x00007ffa86f67000 	C:\WINDOWS\System32\KERNELBASE.dll
0x00007ffa87e00000 - 0x00007ffa87eaa000 	C:\WINDOWS\System32\ADVAPI32.dll
0x00007ffa88010000 - 0x00007ffa880ae000 	C:\WINDOWS\System32\msvcrt.dll
0x00007ffa888b0000 - 0x00007ffa8894b000 	C:\WINDOWS\System32\sechost.dll
0x00007ffa87cd0000 - 0x00007ffa87df3000 	C:\WINDOWS\System32\RPCRT4.dll
0x00007ffa87a80000 - 0x00007ffa87c20000 	C:\WINDOWS\System32\USER32.dll
0x00007ffa86c70000 - 0x00007ffa86c92000 	C:\WINDOWS\System32\win32u.dll
0x00007ffa890a0000 - 0x00007ffa890ca000 	C:\WINDOWS\System32\GDI32.dll
0x00007ffa86f70000 - 0x00007ffa8707a000 	C:\WINDOWS\System32\gdi32full.dll
0x00007ffa86bd0000 - 0x00007ffa86c6d000 	C:\WINDOWS\System32\msvcp_win.dll
0x00007ffa87080000 - 0x00007ffa87180000 	C:\WINDOWS\System32\ucrtbase.dll
0x00007ffa7a160000 - 0x00007ffa7a3fa000 	C:\WINDOWS\WinSxS\amd64_microsoft.windows.common-controls_6595b64144ccf1df_6.0.19041.1_none_b555e41d4684ddec\COMCTL32.dll
0x00007ffa87c20000 - 0x00007ffa87c50000 	C:\WINDOWS\System32\IMM32.DLL
0x000000005dfd0000 - 0x000000005e0a2000 	C:\Program Files\JavaFile\bin\msvcr100.dll
0x000000005cef0000 - 0x000000005d795000 	C:\Program Files\JavaFile\bin\server\jvm.dll
0x00007ffa87fe0000 - 0x00007ffa87fe8000 	C:\WINDOWS\System32\PSAPI.DLL
0x00007ffa81b60000 - 0x00007ffa81b69000 	C:\WINDOWS\SYSTEM32\WSOCK32.dll
0x00007ffa81f10000 - 0x00007ffa81f37000 	C:\WINDOWS\SYSTEM32\WINMM.dll
0x00007ffa82690000 - 0x00007ffa8269a000 	C:\WINDOWS\SYSTEM32\VERSION.dll
0x00007ffa89130000 - 0x00007ffa8919b000 	C:\WINDOWS\System32\ws2_32.DLL
0x00007ffa79e00000 - 0x00007ffa79e0f000 	C:\Program Files\JavaFile\bin\verify.dll
0x00007ffa5bc40000 - 0x00007ffa5bc69000 	C:\Program Files\JavaFile\bin\java.dll
0x00007ffa5b8a0000 - 0x00007ffa5b8b6000 	C:\Program Files\JavaFile\bin\zip.dll
0x00007ffa88960000 - 0x00007ffa89094000 	C:\WINDOWS\System32\SHELL32.dll
0x00007ffa84c00000 - 0x00007ffa8538e000 	C:\WINDOWS\SYSTEM32\windows.storage.dll
0x00007ffa87640000 - 0x00007ffa87993000 	C:\WINDOWS\System32\combase.dll
0x00007ffa86420000 - 0x00007ffa8644b000 	C:\WINDOWS\SYSTEM32\Wldp.dll
0x00007ffa891a0000 - 0x00007ffa8924e000 	C:\WINDOWS\System32\SHCORE.dll
0x00007ffa87390000 - 0x00007ffa873e5000 	C:\WINDOWS\System32\shlwapi.dll
0x00007ffa869b0000 - 0x00007ffa869cf000 	C:\WINDOWS\SYSTEM32\profapi.dll
0x00007ffa44130000 - 0x00007ffa442c9000 	C:\Program Files\JavaFile\bin\awt.dll
0x00007ffa87510000 - 0x00007ffa875dd000 	C:\WINDOWS\System32\OLEAUT32.dll
0x00007ffa84470000 - 0x00007ffa84500000 	C:\WINDOWS\SYSTEM32\apphelp.dll
0x00007ffa84820000 - 0x00007ffa8484e000 	C:\WINDOWS\system32\DWMAPI.DLL
0x00007ffa84540000 - 0x00007ffa845df000 	C:\WINDOWS\system32\uxtheme.dll
0x00007ffa68790000 - 0x00007ffa688ec000 	C:\WINDOWS\system32\opengl32.dll
0x00007ffa70340000 - 0x00007ffa7036c000 	C:\WINDOWS\SYSTEM32\GLU32.dll
0x00007ffa873f0000 - 0x00007ffa87505000 	C:\WINDOWS\System32\MSCTF.dll
0x00007ffa87eb0000 - 0x00007ffa87fd9000 	C:\WINDOWS\System32\ole32.dll
0x00007ffa84a00000 - 0x00007ffa84a13000 	C:\WINDOWS\SYSTEM32\kernel.appcore.dll
0x00007ffa87310000 - 0x00007ffa8738f000 	C:\WINDOWS\System32\bcryptPrimitives.dll
0x00007ffa62530000 - 0x00007ffa62577000 	C:\Program Files\JavaFile\bin\fontmanager.dll
0x00007ffa7d6f0000 - 0x00007ffa7d7ec000 	C:\WINDOWS\SYSTEM32\textinputframework.dll
0x00007ffa83fe0000 - 0x00007ffa840d2000 	C:\WINDOWS\System32\CoreMessaging.dll
0x00007ffa838b0000 - 0x00007ffa83c0a000 	C:\WINDOWS\System32\CoreUIComponents.dll
0x00007ffa857e0000 - 0x00007ffa85813000 	C:\WINDOWS\SYSTEM32\ntmarta.dll
0x00007ffa832f0000 - 0x00007ffa83446000 	C:\WINDOWS\SYSTEM32\wintypes.dll
0x00007ffa88520000 - 0x00007ffa885c8000 	C:\WINDOWS\System32\clbcatq.dll
0x00007ffa7c6c0000 - 0x00007ffa7c874000 	C:\WINDOWS\SYSTEM32\WindowsCodecs.dll
0x00007ffa872e0000 - 0x00007ffa87307000 	C:\WINDOWS\System32\bcrypt.dll
0x00007ffa6aa80000 - 0x00007ffa6aabe000 	C:\WINDOWS\system32\dataexchange.dll
0x00007ffa83450000 - 0x00007ffa836b3000 	C:\WINDOWS\system32\d3d11.dll
0x00007ffa836c0000 - 0x00007ffa838a5000 	C:\WINDOWS\system32\dcomp.dll
0x00007ffa85510000 - 0x00007ffa85603000 	C:\WINDOWS\system32\dxgi.dll
0x00007ffa7f120000 - 0x00007ffa7f328000 	C:\WINDOWS\system32\twinapi.appcore.dll
0x00007ffa5b670000 - 0x00007ffa5b68a000 	C:\Program Files\JavaFile\bin\net.dll
0x00007ffa78720000 - 0x00007ffa7890d000 	C:\WINDOWS\SYSTEM32\urlmon.dll
0x00007ffa7a9b0000 - 0x00007ffa7ac5e000 	C:\WINDOWS\SYSTEM32\iertutil.dll
0x00007ffa861a0000 - 0x00007ffa8620a000 	C:\WINDOWS\system32\mswsock.dll
0x00007ffa5b650000 - 0x00007ffa5b662000 	C:\Program Files\JavaFile\bin\nio.dll
0x00007ffa60690000 - 0x00007ffa606d2000 	C:\Program Files\JavaFile\bin\t2k.dll
0x00007ffa72990000 - 0x00007ffa72a61000 	C:\Windows\System32\IME\IMEKR\imkrtip.dll
0x00007ffa82520000 - 0x00007ffa82615000 	C:\WINDOWS\SYSTEM32\PROPSYS.dll
0x00007ffa71f10000 - 0x00007ffa72052000 	C:\Windows\System32\IME\shared\imetip.dll
0x00007ffa80a90000 - 0x00007ffa80af6000 	C:\WINDOWS\SYSTEM32\OLEACC.dll
0x00007ffa71b70000 - 0x00007ffa71d1e000 	C:\WINDOWS\SYSTEM32\DUI70.dll
0x00007ffa84400000 - 0x00007ffa84440000 	C:\Windows\System32\IME\IMEKR\imkrapi.dll
0x00007ffa81da0000 - 0x00007ffa81e33000 	C:\WINDOWS\SYSTEM32\policymanager.dll
0x00007ffa85bf0000 - 0x00007ffa85c7a000 	C:\WINDOWS\SYSTEM32\msvcp110_win.dll
0x00007ffa804d0000 - 0x00007ffa8050e000 	C:\Windows\System32\IME\shared\imjkapi.dll

VM Arguments:
jvm_args: -Dfile.encoding=MS949 
java_command: com.escapooh.loginPage.run.Run
java_class_path (initial): C:\Program Files\JavaFile\lib\resources.jar;C:\Program Files\JavaFile\lib\rt.jar;C:\Program Files\JavaFile\lib\jsse.jar;C:\Program Files\JavaFile\lib\jce.jar;C:\Program Files\JavaFile\lib\charsets.jar;C:\Program Files\JavaFile\lib\jfr.jar;C:\Program Files\JavaFile\lib\ext\access-bridge-64.jar;C:\Program Files\JavaFile\lib\ext\cldrdata.jar;C:\Program Files\JavaFile\lib\ext\dnsns.jar;C:\Program Files\JavaFile\lib\ext\dns_sd.jar;C:\Program Files\JavaFile\lib\ext\jaccess.jar;C:\Program Files\JavaFile\lib\ext\jfxrt.jar;C:\Program Files\JavaFile\lib\ext\localedata.jar;C:\Program Files\JavaFile\lib\ext\nashorn.jar;C:\Program Files\JavaFile\lib\ext\sunec.jar;C:\Program Files\JavaFile\lib\ext\sunjce_provider.jar;C:\Program Files\JavaFile\lib\ext\sunmscapi.jar;C:\Program Files\JavaFile\lib\ext\sunpkcs11.jar;C:\Program Files\JavaFile\lib\ext\zipfs.jar;D:\workspace\Team4_EscaPooh_re\bin
Launcher Type: SUN_STANDARD

Environment Variables:
PATH=C:/Program Files/JavaFile/bin/server;C:/Program Files/JavaFile/bin;C:/Program Files/JavaFile/lib/amd64;C:\Program Files\JavaFile\bin;;%SystemRoot%\system32;%SystemRoot%;%SystemRoot%\System32\Wbem;%SYSTEMROOT%\System32\WindowsPowerShell\v1.0\;%SYSTEMROOT%\System32\OpenSSH\;C:\Users\상아\AppData\Local\Microsoft\WindowsApps;;C:\Program Files\eclipse-jee-oxygen-3a-win32-x86_64\eclipse;
USERNAME=상아
OS=Windows_NT
PROCESSOR_IDENTIFIER=Intel64 Family 6 Model 61 Stepping 4, GenuineIntel



---------------  S Y S T E M  ---------------

OS: Windows 10.0 , 64 bit Build 19041 (10.0.19041.292)

CPU:total 4 (initial active 4) (2 cores per cpu, 2 threads per core) family 6 model 61 stepping 4, cmov, cx8, fxsr, mmx, sse, sse2, sse3, ssse3, sse4.1, sse4.2, popcnt, avx, avx2, aes, clmul, erms, 3dnowpref, lzcnt, ht, tsc, tscinvbit, bmi1, bmi2, adx

Memory: 4k page, physical 4107684k(91968k free), swap 4107684k(5192k free)

vm_info: Java HotSpot(TM) 64-Bit Server VM (25.202-b08) for windows-amd64 JRE (1.8.0_202-b08), built on Dec 15 2018 19:54:30 by "java_re" with MS VC++ 10.0 (VS2010)

time: Fri Jun 26 12:06:01 2020
timezone: 대한민국 표준시
elapsed time: 20 seconds (0d 0h 0m 20s)

